#
# A fatal error has been detected by the Java Runtime Environment:
#
#  Internal Error (./open/src/hotspot/os_cpu/windows_x86/os_windows_x86.cpp:145), pid=1728, tid=7088
#  guarantee(result == EXCEPTION_CONTINUE_EXECUTION) failed: Unexpected result from topLevelExceptionFilter
#
# JRE version: Java(TM) SE Runtime Environment (14.0.2+12) (build 14.0.2+12-46)
# Java VM: Java HotSpot(TM) 64-Bit Server VM (14.0.2+12-46, mixed mode, sharing, tiered, compressed oops, g1 gc, windows-amd64)
# No core dump will be written. Minidumps are not enabled by default on client versions of Windows
#
# If you would like to submit a bug report, please visit:
#   https://bugreport.java.com/bugreport/crash.jsp
# The crash happened outside the Java Virtual Machine in native code.
# See problematic frame for where to report the bug.
#

---------------  S U M M A R Y ------------

Command Line: -Dfile.encoding=UTF8 -ea -Xmx1024m 

Host: Intel(R) Core(TM) i7-4790K CPU @ 4.00GHz, 8 cores, 15G,  Windows 10 , 64 bit Build 19041 (10.0.19041.1202)
Time: Fri Nov  5 18:53:53 2021 대한민국 표준시 elapsed time: 495 seconds (0d 0h 8m 15s)

---------------  T H R E A D  ---------------

Current thread (0x0000028d16c79800):  JavaThread "Python Reference Queue" daemon [_thread_in_native, id=7088, stack(0x00000096ab020000,0x00000096ab210000)]

Stack: [0x00000096ab020000,0x00000096ab210000]
Native frames: (J=compiled Java code, j=interpreted, Vv=VM code, C=native code)
C  0x00007ffdb5b78a9a
C  0x00007ffdb5cc247a
C  0x00007ffdb5cc3c2f
C  0x00007ffdb5cc4227
C  0x00007ffdb578d20c
C  0x00007ffdb5b7875c
C  [ntdll.dll+0xa20cf]
C  [ntdll.dll+0x51454]
C  [ntdll.dll+0xa0bfe]
C  0x00007ffdc41e735d
C  0x00007ffdc41e7392
C  0x00007ffdc4113884
C  0x00007ffdc4116393
C  0x00007ffdc90348eb
C  [python38.dll+0x16bd9]  dict_dealloc+0x239  (dictobject.c:1990)
C  [python38.dll+0x41fa4]  subtype_dealloc+0x1a4  (typeobject.c:1278)
C  [python38.dll+0x16b38]  dict_dealloc+0x198  (dictobject.c:1998)
C  [python38.dll+0x924e8]  subtype_clear+0xa8  (typeobject.c:1143)
C  [python38.dll+0x90ce0]  delete_garbage+0x50  (gcmodule.c:949)
C  [python38.dll+0x9042d]  collect+0x165  (gcmodule.c:1128)
C  [python38.dll+0x8f18d]  collect_with_callback+0x45  (gcmodule.c:1241)
C  [python38.dll+0xf64c3]  PyGC_Collect+0x63  (gcmodule.c:1834)
C  0x00007ffdc99abec0  Java_jpype_ref_JPypeReferenceQueue_wake+0x40  (jp_reference_queue.cpp:60)
C  0x0000028d236cf417

Java frames: (J=compiled Java code, j=interpreted, Vv=VM code)
j  org.jpype.ref.JPypeReferenceQueue.wake(J)V+0
j  org.jpype.ref.JPypeReferenceQueue$Worker.run()V+49
j  java.lang.Thread.run()V+11 java.base@14.0.2
v  ~StubRoutines::call_stub

---------------  P R O C E S S  ---------------

Threads class SMR info:
_java_thread_list=0x0000028d1ace1460, length=12, elements={
0x0000028d13d27800, 0x0000028d1a7e3800, 0x0000028d1a7e7000, 0x0000028d1a814800,
0x0000028d1a815000, 0x0000028d1a818800, 0x0000028d1a83c000, 0x0000028d16c75000,
0x0000028d16c71800, 0x0000028d16c79000, 0x0000028d16c73000, 0x0000028d16c79800
}

Java Threads: ( => current thread )
  0x0000028d13d27800 JavaThread "main" [_thread_in_native, id=17176, stack(0x00000096a7600000,0x00000096a77f0000)]
  0x0000028d1a7e3800 JavaThread "Reference Handler" daemon [_thread_blocked, id=22308, stack(0x00000096a96f0000,0x00000096a98e0000)]
  0x0000028d1a7e7000 JavaThread "Finalizer" daemon [_thread_blocked, id=20228, stack(0x00000096a98e0000,0x00000096a9ad0000)]
  0x0000028d1a814800 JavaThread "Signal Dispatcher" daemon [_thread_blocked, id=23220, stack(0x00000096a9ad0000,0x00000096a9cc0000)]
  0x0000028d1a815000 JavaThread "Attach Listener" daemon [_thread_blocked, id=22600, stack(0x00000096a9cc0000,0x00000096a9eb0000)]
  0x0000028d1a818800 JavaThread "Service Thread" daemon [_thread_blocked, id=11464, stack(0x00000096a9eb0000,0x00000096aa0a0000)]
  0x0000028d1a83c000 JavaThread "C2 CompilerThread0" daemon [_thread_blocked, id=15448, stack(0x00000096aa0a0000,0x00000096aa290000)]
  0x0000028d16c75000 JavaThread "C1 CompilerThread0" daemon [_thread_blocked, id=6908, stack(0x00000096aa290000,0x00000096aa480000)]
  0x0000028d16c71800 JavaThread "Sweeper thread" daemon [_thread_blocked, id=13336, stack(0x00000096aa480000,0x00000096aa670000)]
  0x0000028d16c79000 JavaThread "Notification Thread" daemon [_thread_blocked, id=14328, stack(0x00000096aa670000,0x00000096aa860000)]
  0x0000028d16c73000 JavaThread "Common-Cleaner" daemon [_thread_blocked, id=18732, stack(0x00000096aaa50000,0x00000096aac40000)]
=>0x0000028d16c79800 JavaThread "Python Reference Queue" daemon [_thread_in_native, id=7088, stack(0x00000096ab020000,0x00000096ab210000)]

Other Threads:
  0x0000028d17096800 VMThread "VM Thread" [stack: 0x00000096a9500000,0x00000096a96f0000] [id=18224]
  0x0000028d1a7c3000 WatcherThread [stack: 0x00000096aa860000,0x00000096aaa50000] [id=13012]
  0x0000028d17094000 GCTaskThread "GC Thread#0" [stack: 0x00000096a8b50000,0x00000096a8d40000] [id=11156]
  0x0000028d17097800 GCTaskThread "GC Thread#1" [stack: 0x00000096ab210000,0x00000096ab400000] [id=19608]
  0x0000028d17098000 GCTaskThread "GC Thread#2" [stack: 0x00000096ab400000,0x00000096ab5f0000] [id=9936]
  0x0000028d17094800 GCTaskThread "GC Thread#3" [stack: 0x00000096ab5f0000,0x00000096ab7e0000] [id=13940]
  0x0000028d17098800 GCTaskThread "GC Thread#4" [stack: 0x00000096ab7e0000,0x00000096ab9d0000] [id=12340]
  0x0000028d17092800 GCTaskThread "GC Thread#5" [stack: 0x00000096ab9d0000,0x00000096abbc0000] [id=22648]
  0x0000028d1a519800 ConcurrentGCThread "G1 Main Marker" [stack: 0x00000096a8d40000,0x00000096a8f30000] [id=24008]
  0x0000028d17096000 ConcurrentGCThread "G1 Conc#0" [stack: 0x00000096a8f30000,0x00000096a9120000] [id=2104]
  0x0000028d1a655800 ConcurrentGCThread "G1 Refine#0" [stack: 0x00000096a9120000,0x00000096a9310000] [id=23832]
  0x0000028d1a658000 ConcurrentGCThread "G1 Young RemSet Sampling" [stack: 0x00000096a9310000,0x00000096a9500000] [id=6492]

Threads with active compile tasks:

VM state:not at safepoint (normal execution)

VM Mutex/Monitor currently owned by a thread: None

Heap address: 0x00000000c0000000, size: 1024 MB, Compressed Oops mode: 32-bit
Narrow klass base: 0x0000000800000000, Narrow klass shift: 3
Compressed class space size: 1073741824 Address: 0x0000000800b30000

Heap:
 garbage-first heap   total 20480K, used 5640K [0x00000000c0000000, 0x0000000100000000)
  region size 1024K, 1 young (1024K), 0 survivors (0K)
 Metaspace       used 2525K, capacity 4933K, committed 5120K, reserved 1056768K
  class space    used 221K, capacity 464K, committed 512K, reserved 1048576K
Heap Regions: E=young(eden), S=young(survivor), O=old, HS=humongous(starts), HC=humongous(continues), CS=collection set, F=free, OA=open archive, CA=closed archive, TAMS=top-at-mark-start (previous, next)
|   0|0x00000000c0000000, 0x00000000c00ffff8, 0x00000000c0100000| 99%| O|  |TAMS 0x00000000c0000000, 0x00000000c0000000| Untracked 
|   1|0x00000000c0100000, 0x00000000c0200000, 0x00000000c0200000|100%| O|  |TAMS 0x00000000c0100000, 0x00000000c0100000| Untracked 
|   2|0x00000000c0200000, 0x00000000c0300000, 0x00000000c0300000|100%| O|  |TAMS 0x00000000c0200000, 0x00000000c0200000| Untracked 
|   3|0x00000000c0300000, 0x00000000c03fffe8, 0x00000000c0400000| 99%| O|  |TAMS 0x00000000c0300000, 0x00000000c0300000| Untracked 
|   4|0x00000000c0400000, 0x00000000c04fffb8, 0x00000000c0500000| 99%| O|  |TAMS 0x00000000c0400000, 0x00000000c0400000| Untracked 
|   5|0x00000000c0500000, 0x00000000c05823c0, 0x00000000c0600000| 50%| O|  |TAMS 0x00000000c0500000, 0x00000000c0500000| Untracked 
|   6|0x00000000c0600000, 0x00000000c0600000, 0x00000000c0700000|  0%| F|  |TAMS 0x00000000c0600000, 0x00000000c0600000| Untracked 
|   7|0x00000000c0700000, 0x00000000c0700000, 0x00000000c0800000|  0%| F|  |TAMS 0x00000000c0700000, 0x00000000c0700000| Untracked 
|   8|0x00000000c0800000, 0x00000000c0800000, 0x00000000c0900000|  0%| F|  |TAMS 0x00000000c0800000, 0x00000000c0800000| Untracked 
|   9|0x00000000c0900000, 0x00000000c0900000, 0x00000000c0a00000|  0%| F|  |TAMS 0x00000000c0900000, 0x00000000c0900000| Untracked 
|  10|0x00000000c0a00000, 0x00000000c0a00000, 0x00000000c0b00000|  0%| F|  |TAMS 0x00000000c0a00000, 0x00000000c0a00000| Untracked 
|  11|0x00000000c0b00000, 0x00000000c0b00000, 0x00000000c0c00000|  0%| F|  |TAMS 0x00000000c0b00000, 0x00000000c0b00000| Untracked 
|  12|0x00000000c0c00000, 0x00000000c0c00000, 0x00000000c0d00000|  0%| F|  |TAMS 0x00000000c0c00000, 0x00000000c0c00000| Untracked 
|  13|0x00000000c0d00000, 0x00000000c0d00000, 0x00000000c0e00000|  0%| F|  |TAMS 0x00000000c0d00000, 0x00000000c0d00000| Untracked 
|  14|0x00000000c0e00000, 0x00000000c0e00000, 0x00000000c0f00000|  0%| F|  |TAMS 0x00000000c0e00000, 0x00000000c0e00000| Untracked 
|  15|0x00000000c0f00000, 0x00000000c0f00000, 0x00000000c1000000|  0%| F|  |TAMS 0x00000000c0f00000, 0x00000000c0f00000| Untracked 
|  16|0x00000000c1000000, 0x00000000c1000000, 0x00000000c1100000|  0%| F|  |TAMS 0x00000000c1000000, 0x00000000c1000000| Untracked 
|  17|0x00000000c1100000, 0x00000000c1100000, 0x00000000c1200000|  0%| F|  |TAMS 0x00000000c1100000, 0x00000000c1100000| Untracked 
|  18|0x00000000c1200000, 0x00000000c1200000, 0x00000000c1300000|  0%| F|  |TAMS 0x00000000c1200000, 0x00000000c1200000| Untracked 
|  19|0x00000000c1300000, 0x00000000c130d530, 0x00000000c1400000|  5%| E|  |TAMS 0x00000000c1300000, 0x00000000c1300000| Complete 

Card table byte_map: [0x0000028d32bf0000,0x0000028d32df0000] _byte_map_base: 0x0000028d325f0000

Marking Bits (Prev, Next): (CMBitMap*) 0x0000028d16f55eb8, (CMBitMap*) 0x0000028d16f55ef8
 Prev Bits: [0x0000028d32ff0000, 0x0000028d33ff0000)
 Next Bits: [0x0000028d33ff0000, 0x0000028d34ff0000)

Polling page: 0x0000028d19820000

Metaspace:

Usage:
  Non-class:      4.36 MB capacity,     2.25 MB ( 52%) used,     2.11 MB ( 48%) free+waste,     5.38 KB ( <1%) overhead. 
      Class:    464.00 KB capacity,   221.65 KB ( 48%) used,   239.60 KB ( 52%) free+waste,     2.75 KB ( <1%) overhead. 
       Both:      4.82 MB capacity,     2.47 MB ( 51%) used,     2.34 MB ( 49%) free+waste,     8.13 KB ( <1%) overhead. 

Virtual space:
  Non-class space:        8.00 MB reserved,       4.50 MB ( 56%) committed 
      Class space:        1.00 GB reserved,     512.00 KB ( <1%) committed 
             Both:        1.01 GB reserved,       5.00 MB ( <1%) committed 

Chunk freelists:
   Non-Class:  11.00 KB
       Class:  0 bytes
        Both:  11.00 KB

MaxMetaspaceSize: 17179869184.00 GB
CompressedClassSpaceSize: 1.00 GB

CodeHeap 'non-profiled nmethods': size=120000Kb used=455Kb max_used=455Kb free=119545Kb
 bounds [0x0000028d2b190000, 0x0000028d2b400000, 0x0000028d326c0000]
CodeHeap 'profiled nmethods': size=120000Kb used=1472Kb max_used=1472Kb free=118527Kb
 bounds [0x0000028d23c60000, 0x0000028d23ed0000, 0x0000028d2b190000]
CodeHeap 'non-nmethods': size=5760Kb used=1135Kb max_used=1188Kb free=4624Kb
 bounds [0x0000028d236c0000, 0x0000028d23930000, 0x0000028d23c60000]
 total_blobs=1228 nmethods=848 adapters=293
 compilation: enabled
              stopped_count=0, restarted_count=0
 full_count=0

Compilation events (20 events):
Event: 0.438 Thread 0x0000028d16c75000 nmethod 842 0x0000028d23dce590 code [0x0000028d23dce760, 0x0000028d23dceb18]
Event: 0.438 Thread 0x0000028d16c75000  843       1       java.net.URL::getUserInfo (5 bytes)
Event: 0.438 Thread 0x0000028d16c75000 nmethod 843 0x0000028d2b1e4c90 code [0x0000028d2b1e4e20, 0x0000028d2b1e4ef8]
Event: 0.447 Thread 0x0000028d1a83c000 nmethod 729 0x0000028d2b1e4f90 code [0x0000028d2b1e57e0, 0x0000028d2b1e99b8]
Event: 0.447 Thread 0x0000028d1a83c000  810       4       java.util.stream.Sink$ChainedReference::cancellationRequested (10 bytes)
Event: 0.448 Thread 0x0000028d1a83c000 nmethod 810 0x0000028d2b1eb690 code [0x0000028d2b1eb860, 0x0000028d2b1eb9c8]
Event: 0.448 Thread 0x0000028d1a83c000  741       4       java.util.Spliterators$1Adapter::accept (11 bytes)
Event: 0.449 Thread 0x0000028d1a83c000 nmethod 741 0x0000028d2b1ebb10 code [0x0000028d2b1ebc80, 0x0000028d2b1ebdb8]
Event: 0.449 Thread 0x0000028d1a83c000  743       4       java.nio.MappedByteBuffer::position (8 bytes)
Event: 0.449 Thread 0x0000028d1a83c000 nmethod 743 0x0000028d2b1ebe10 code [0x0000028d2b1ebfc0, 0x0000028d2b1ec0f8]
Event: 0.449 Thread 0x0000028d1a83c000  731       4       java.nio.ByteOrder::nativeOrder (4 bytes)
Event: 0.449 Thread 0x0000028d1a83c000 nmethod 731 0x0000028d2b1ec210 code [0x0000028d2b1ec380, 0x0000028d2b1ec3d8]
Event: 0.454 Thread 0x0000028d16c7b800 nmethod 758 0x0000028d2b1ec510 code [0x0000028d2b1ecb40, 0x0000028d2b1f0730]
Event: 0.708 Thread 0x0000028d16c74000 nmethod 784 0x0000028d2b1f2190 code [0x0000028d2b1f3040, 0x0000028d2b1fcb40]
Event: 24.679 Thread 0x0000028d16c75000  845       3       java.lang.ref.ReferenceQueue::reallyPoll (65 bytes)
Event: 24.680 Thread 0x0000028d16c75000 nmethod 845 0x0000028d23dcec90 code [0x0000028d23dcee60, 0x0000028d23dcf398]
Event: 32.137 Thread 0x0000028d16c75000  846       1       org.jpype.ref.JPypeReferenceQueue::access$100 (5 bytes)
Event: 32.138 Thread 0x0000028d16c75000 nmethod 846 0x0000028d2b201510 code [0x0000028d2b2016a0, 0x0000028d2b201738]
Event: 56.321 Thread 0x0000028d16c75000  847   !   3       java.lang.ref.ReferenceQueue::remove (125 bytes)
Event: 56.322 Thread 0x0000028d16c75000 nmethod 847 0x0000028d23dcf490 code [0x0000028d23dcf6a0, 0x0000028d23dcff38]

GC Heap History (20 events):
Event: 356.580 GC heap before
{Heap before GC invocations=25 (full 20):
 garbage-first heap   total 20480K, used 5640K [0x00000000c0000000, 0x0000000100000000)
  region size 1024K, 1 young (1024K), 0 survivors (0K)
 Metaspace       used 2525K, capacity 4933K, committed 5120K, reserved 1056768K
  class space    used 221K, capacity 464K, committed 512K, reserved 1048576K
}
Event: 356.591 GC heap after
{Heap after GC invocations=26 (full 21):
 garbage-first heap   total 20480K, used 5640K [0x00000000c0000000, 0x0000000100000000)
  region size 1024K, 0 young (0K), 0 survivors (0K)
 Metaspace       used 2525K, capacity 4933K, committed 5120K, reserved 1056768K
  class space    used 221K, capacity 464K, committed 512K, reserved 1048576K
}
Event: 356.826 GC heap before
{Heap before GC invocations=26 (full 21):
 garbage-first heap   total 20480K, used 5640K [0x00000000c0000000, 0x0000000100000000)
  region size 1024K, 1 young (1024K), 0 survivors (0K)
 Metaspace       used 2525K, capacity 4933K, committed 5120K, reserved 1056768K
  class space    used 221K, capacity 464K, committed 512K, reserved 1048576K
}
Event: 356.840 GC heap after
{Heap after GC invocations=27 (full 22):
 garbage-first heap   total 20480K, used 5640K [0x00000000c0000000, 0x0000000100000000)
  region size 1024K, 0 young (0K), 0 survivors (0K)
 Metaspace       used 2525K, capacity 4933K, committed 5120K, reserved 1056768K
  class space    used 221K, capacity 464K, committed 512K, reserved 1048576K
}
Event: 357.029 GC heap before
{Heap before GC invocations=27 (full 22):
 garbage-first heap   total 20480K, used 5640K [0x00000000c0000000, 0x0000000100000000)
  region size 1024K, 1 young (1024K), 0 survivors (0K)
 Metaspace       used 2525K, capacity 4933K, committed 5120K, reserved 1056768K
  class space    used 221K, capacity 464K, committed 512K, reserved 1048576K
}
Event: 357.043 GC heap after
{Heap after GC invocations=28 (full 23):
 garbage-first heap   total 20480K, used 5640K [0x00000000c0000000, 0x0000000100000000)
  region size 1024K, 0 young (0K), 0 survivors (0K)
 Metaspace       used 2525K, capacity 4933K, committed 5120K, reserved 1056768K
  class space    used 221K, capacity 464K, committed 512K, reserved 1048576K
}
Event: 360.686 GC heap before
{Heap before GC invocations=28 (full 23):
 garbage-first heap   total 20480K, used 5640K [0x00000000c0000000, 0x0000000100000000)
  region size 1024K, 1 young (1024K), 0 survivors (0K)
 Metaspace       used 2525K, capacity 4933K, committed 5120K, reserved 1056768K
  class space    used 221K, capacity 464K, committed 512K, reserved 1048576K
}
Event: 360.694 GC heap after
{Heap after GC invocations=29 (full 24):
 garbage-first heap   total 20480K, used 5640K [0x00000000c0000000, 0x0000000100000000)
  region size 1024K, 0 young (0K), 0 survivors (0K)
 Metaspace       used 2525K, capacity 4933K, committed 5120K, reserved 1056768K
  class space    used 221K, capacity 464K, committed 512K, reserved 1048576K
}
Event: 360.816 GC heap before
{Heap before GC invocations=29 (full 24):
 garbage-first heap   total 20480K, used 5640K [0x00000000c0000000, 0x0000000100000000)
  region size 1024K, 1 young (1024K), 0 survivors (0K)
 Metaspace       used 2525K, capacity 4933K, committed 5120K, reserved 1056768K
  class space    used 221K, capacity 464K, committed 512K, reserved 1048576K
}
Event: 360.823 GC heap after
{Heap after GC invocations=30 (full 25):
 garbage-first heap   total 20480K, used 5640K [0x00000000c0000000, 0x0000000100000000)
  region size 1024K, 0 young (0K), 0 survivors (0K)
 Metaspace       used 2525K, capacity 4933K, committed 5120K, reserved 1056768K
  class space    used 221K, capacity 464K, committed 512K, reserved 1048576K
}
Event: 360.949 GC heap before
{Heap before GC invocations=30 (full 25):
 garbage-first heap   total 20480K, used 5640K [0x00000000c0000000, 0x0000000100000000)
  region size 1024K, 1 young (1024K), 0 survivors (0K)
 Metaspace       used 2525K, capacity 4933K, committed 5120K, reserved 1056768K
  class space    used 221K, capacity 464K, committed 512K, reserved 1048576K
}
Event: 360.955 GC heap after
{Heap after GC invocations=31 (full 26):
 garbage-first heap   total 20480K, used 5640K [0x00000000c0000000, 0x0000000100000000)
  region size 1024K, 0 young (0K), 0 survivors (0K)
 Metaspace       used 2525K, capacity 4933K, committed 5120K, reserved 1056768K
  class space    used 221K, capacity 464K, committed 512K, reserved 1048576K
}
Event: 361.071 GC heap before
{Heap before GC invocations=31 (full 26):
 garbage-first heap   total 20480K, used 5640K [0x00000000c0000000, 0x0000000100000000)
  region size 1024K, 1 young (1024K), 0 survivors (0K)
 Metaspace       used 2525K, capacity 4933K, committed 5120K, reserved 1056768K
  class space    used 221K, capacity 464K, committed 512K, reserved 1048576K
}
Event: 361.078 GC heap after
{Heap after GC invocations=32 (full 27):
 garbage-first heap   total 20480K, used 5640K [0x00000000c0000000, 0x0000000100000000)
  region size 1024K, 0 young (0K), 0 survivors (0K)
 Metaspace       used 2525K, capacity 4933K, committed 5120K, reserved 1056768K
  class space    used 221K, capacity 464K, committed 512K, reserved 1048576K
}
Event: 362.724 GC heap before
{Heap before GC invocations=32 (full 27):
 garbage-first heap   total 20480K, used 5640K [0x00000000c0000000, 0x0000000100000000)
  region size 1024K, 1 young (1024K), 0 survivors (0K)
 Metaspace       used 2525K, capacity 4933K, committed 5120K, reserved 1056768K
  class space    used 221K, capacity 464K, committed 512K, reserved 1048576K
}
Event: 362.730 GC heap after
{Heap after GC invocations=33 (full 28):
 garbage-first heap   total 20480K, used 5640K [0x00000000c0000000, 0x0000000100000000)
  region size 1024K, 0 young (0K), 0 survivors (0K)
 Metaspace       used 2525K, capacity 4933K, committed 5120K, reserved 1056768K
  class space    used 221K, capacity 464K, committed 512K, reserved 1048576K
}
Event: 493.152 GC heap before
{Heap before GC invocations=33 (full 28):
 garbage-first heap   total 20480K, used 5640K [0x00000000c0000000, 0x0000000100000000)
  region size 1024K, 1 young (1024K), 0 survivors (0K)
 Metaspace       used 2525K, capacity 4933K, committed 5120K, reserved 1056768K
  class space    used 221K, capacity 464K, committed 512K, reserved 1048576K
}
Event: 493.163 GC heap after
{Heap after GC invocations=34 (full 29):
 garbage-first heap   total 20480K, used 5640K [0x00000000c0000000, 0x0000000100000000)
  region size 1024K, 0 young (0K), 0 survivors (0K)
 Metaspace       used 2525K, capacity 4933K, committed 5120K, reserved 1056768K
  class space    used 221K, capacity 464K, committed 512K, reserved 1048576K
}
Event: 494.311 GC heap before
{Heap before GC invocations=34 (full 29):
 garbage-first heap   total 20480K, used 5640K [0x00000000c0000000, 0x0000000100000000)
  region size 1024K, 1 young (1024K), 0 survivors (0K)
 Metaspace       used 2525K, capacity 4933K, committed 5120K, reserved 1056768K
  class space    used 221K, capacity 464K, committed 512K, reserved 1048576K
}
Event: 494.322 GC heap after
{Heap after GC invocations=35 (full 30):
 garbage-first heap   total 20480K, used 5640K [0x00000000c0000000, 0x0000000100000000)
  region size 1024K, 0 young (0K), 0 survivors (0K)
 Metaspace       used 2525K, capacity 4933K, committed 5120K, reserved 1056768K
  class space    used 221K, capacity 464K, committed 512K, reserved 1048576K
}

Deoptimization events (20 events):
Event: 0.359 Thread 0x0000028d13d27800 Uncommon trap: trap_request=0xffffffbe fr.pc=0x0000028d2b1d242c relative=0x000000000000094c
Event: 0.359 Thread 0x0000028d13d27800 Uncommon trap: reason=profile_predicate action=maybe_recompile pc=0x0000028d2b1d242c method=jdk.internal.jimage.ImageStringsReader.charsFromByteBuffer([CLjava/nio/ByteBuffer;)V @ 6 c2
Event: 0.359 Thread 0x0000028d13d27800 DEOPT PACKING pc=0x0000028d2b1d242c sp=0x00000096a77ec970
Event: 0.359 Thread 0x0000028d13d27800 DEOPT UNPACKING pc=0x0000028d2370912f sp=0x00000096a77ec848 mode 2
Event: 0.359 Thread 0x0000028d13d27800 Uncommon trap: trap_request=0xffffffbe fr.pc=0x0000028d2b1d242c relative=0x000000000000094c
Event: 0.359 Thread 0x0000028d13d27800 Uncommon trap: reason=profile_predicate action=maybe_recompile pc=0x0000028d2b1d242c method=jdk.internal.jimage.ImageStringsReader.charsFromByteBuffer([CLjava/nio/ByteBuffer;)V @ 6 c2
Event: 0.359 Thread 0x0000028d13d27800 DEOPT PACKING pc=0x0000028d2b1d242c sp=0x00000096a77ec970
Event: 0.359 Thread 0x0000028d13d27800 DEOPT UNPACKING pc=0x0000028d2370912f sp=0x00000096a77ec848 mode 2
Event: 0.359 Thread 0x0000028d13d27800 Uncommon trap: trap_request=0xffffffbe fr.pc=0x0000028d2b1d242c relative=0x000000000000094c
Event: 0.359 Thread 0x0000028d13d27800 Uncommon trap: reason=profile_predicate action=maybe_recompile pc=0x0000028d2b1d242c method=jdk.internal.jimage.ImageStringsReader.charsFromByteBuffer([CLjava/nio/ByteBuffer;)V @ 6 c2
Event: 0.359 Thread 0x0000028d13d27800 DEOPT PACKING pc=0x0000028d2b1d242c sp=0x00000096a77ec970
Event: 0.359 Thread 0x0000028d13d27800 DEOPT UNPACKING pc=0x0000028d2370912f sp=0x00000096a77ec848 mode 2
Event: 0.362 Thread 0x0000028d13d27800 Uncommon trap: trap_request=0xffffffbe fr.pc=0x0000028d2b1d48e8 relative=0x00000000000009a8
Event: 0.362 Thread 0x0000028d13d27800 Uncommon trap: reason=profile_predicate action=maybe_recompile pc=0x0000028d2b1d48e8 method=jdk.internal.jimage.ImageStringsReader.charsFromByteBuffer([CLjava/nio/ByteBuffer;)V @ 6 c2
Event: 0.362 Thread 0x0000028d13d27800 DEOPT PACKING pc=0x0000028d2b1d48e8 sp=0x00000096a77eca50
Event: 0.362 Thread 0x0000028d13d27800 DEOPT UNPACKING pc=0x0000028d2370912f sp=0x00000096a77ec858 mode 2
Event: 0.427 Thread 0x0000028d13d27800 Uncommon trap: trap_request=0xffffffbe fr.pc=0x0000028d2b1cd810 relative=0x0000000000000470
Event: 0.427 Thread 0x0000028d13d27800 Uncommon trap: reason=profile_predicate action=maybe_recompile pc=0x0000028d2b1cd810 method=java.lang.StringLatin1.indexOf([BI[BII)I @ 18 c2
Event: 0.427 Thread 0x0000028d13d27800 DEOPT PACKING pc=0x0000028d2b1cd810 sp=0x00000096a77ede30
Event: 0.427 Thread 0x0000028d13d27800 DEOPT UNPACKING pc=0x0000028d2370912f sp=0x00000096a77edd90 mode 2

Classes unloaded (0 events):
No events

Classes redefined (0 events):
No events

Internal exceptions (4 events):
Event: 0.046 Thread 0x0000028d13d27800 Exception <a 'java/io/IOException'{0x00000000cff8a888}: Bad pathname> (0x00000000cff8a888) 
thrown [./open/src/hotspot/share/prims/jni.cpp, line 620]
Event: 0.055 Thread 0x0000028d13d27800 Exception <a 'java/io/IOException'{0x00000000cff8e730}: Bad pathname> (0x00000000cff8e730) 
thrown [./open/src/hotspot/share/prims/jni.cpp, line 620]
Event: 0.170 Thread 0x0000028d13d27800 Exception <a 'java/lang/IncompatibleClassChangeError'{0x00000000cfdfba90}: Found class java.lang.Object, but interface was expected> (0x00000000cfdfba90) 
thrown [./open/src/hotspot/share/interpreter/linkResolver.cpp, line 832]
Event: 0.312 Thread 0x0000028d13d27800 Exception <a 'java/lang/NoSuchMethodError'{0x00000000c0e65f98}: 'void java.lang.invoke.DirectMethodHandle$Holder.invokeSpecial(java.lang.Object, java.lang.Object, java.lang.Object, java.lang.Object)'> (0x00000000c0e65f98) 
thrown [./open/src/hotspot/share/interpreter/linkResolver.cpp, line 766]

Events (20 events):
Event: 356.580 Executing VM operation: G1CollectFull
Event: 356.591 Executing VM operation: G1CollectFull done
Event: 356.826 Executing VM operation: G1CollectFull
Event: 356.840 Executing VM operation: G1CollectFull done
Event: 357.029 Executing VM operation: G1CollectFull
Event: 357.043 Executing VM operation: G1CollectFull done
Event: 360.686 Executing VM operation: G1CollectFull
Event: 360.694 Executing VM operation: G1CollectFull done
Event: 360.816 Executing VM operation: G1CollectFull
Event: 360.823 Executing VM operation: G1CollectFull done
Event: 360.949 Executing VM operation: G1CollectFull
Event: 360.955 Executing VM operation: G1CollectFull done
Event: 361.071 Executing VM operation: G1CollectFull
Event: 361.078 Executing VM operation: G1CollectFull done
Event: 362.724 Executing VM operation: G1CollectFull
Event: 362.730 Executing VM operation: G1CollectFull done
Event: 493.152 Executing VM operation: G1CollectFull
Event: 493.163 Executing VM operation: G1CollectFull done
Event: 494.311 Executing VM operation: G1CollectFull
Event: 494.322 Executing VM operation: G1CollectFull done


Dynamic libraries:
0x00007ff7f8840000 - 0x00007ff7f885c000 	C:\ProgramData\Anaconda3\python.exe
0x00007ffe47ef0000 - 0x00007ffe480e5000 	C:\WINDOWS\SYSTEM32\ntdll.dll
0x00007ffe47030000 - 0x00007ffe470ee000 	C:\WINDOWS\System32\KERNEL32.DLL
0x00007ffe45a20000 - 0x00007ffe45ce9000 	C:\WINDOWS\System32\KERNELBASE.dll
0x00007ffe456f0000 - 0x00007ffe457f0000 	C:\WINDOWS\System32\ucrtbase.dll
0x00007ffdff170000 - 0x00007ffdff5a2000 	C:\ProgramData\Anaconda3\python38.dll
0x00007ffe42d10000 - 0x00007ffe42d29000 	C:\ProgramData\Anaconda3\VCRUNTIME140.dll
0x00007ffe46e60000 - 0x00007ffe46eb5000 	C:\WINDOWS\System32\SHLWAPI.dll
0x00007ffe471a0000 - 0x00007ffe4723e000 	C:\WINDOWS\System32\msvcrt.dll
0x00007ffe46540000 - 0x00007ffe465ab000 	C:\WINDOWS\System32\WS2_32.dll
0x00007ffe46ec0000 - 0x00007ffe46fea000 	C:\WINDOWS\System32\RPCRT4.dll
0x00007ffe45ff0000 - 0x00007ffe4609c000 	C:\WINDOWS\System32\ADVAPI32.dll
0x00007ffe45f50000 - 0x00007ffe45feb000 	C:\WINDOWS\System32\sechost.dll
0x00007ffe3f9d0000 - 0x00007ffe3f9da000 	C:\WINDOWS\SYSTEM32\VERSION.dll
0x00007ffe44fb0000 - 0x00007ffe44fc8000 	C:\WINDOWS\SYSTEM32\CRYPTSP.dll
0x00007ffe446d0000 - 0x00007ffe44704000 	C:\WINDOWS\system32\rsaenh.dll
0x00007ffe456c0000 - 0x00007ffe456e7000 	C:\WINDOWS\System32\bcrypt.dll
0x00007ffe44fd0000 - 0x00007ffe44fdc000 	C:\WINDOWS\SYSTEM32\CRYPTBASE.dll
0x00007ffe45cf0000 - 0x00007ffe45d73000 	C:\WINDOWS\System32\bcryptPrimitives.dll
0x00007ffe42d00000 - 0x00007ffe42d0f000 	C:\ProgramData\Anaconda3\python3.DLL
0x00007ffe3b3e0000 - 0x00007ffe3b3e8000 	C:\ProgramData\Anaconda3\lib\site-packages\markupsafe\_speedups.cp38-win_amd64.pyd
0x00007ffe41310000 - 0x00007ffe41327000 	C:\ProgramData\Anaconda3\DLLs\_bz2.pyd
0x00007ffe3cca0000 - 0x00007ffe3ccca000 	C:\ProgramData\Anaconda3\DLLs\_lzma.pyd
0x00007ffe3b3f0000 - 0x00007ffe3b3fd000 	C:\ProgramData\Anaconda3\DLLs\_hashlib.pyd
0x00007ffdfee20000 - 0x00007ffdff16a000 	C:\ProgramData\Anaconda3\Library\bin\libcrypto-1_1-x64.dll
0x00007ffe478f0000 - 0x00007ffe47a91000 	C:\WINDOWS\System32\USER32.dll
0x00007ffe457f0000 - 0x00007ffe45812000 	C:\WINDOWS\System32\win32u.dll
0x00007ffe46690000 - 0x00007ffe466bb000 	C:\WINDOWS\System32\GDI32.dll
0x00007ffe45dd0000 - 0x00007ffe45edb000 	C:\WINDOWS\System32\gdi32full.dll
0x00007ffe45820000 - 0x00007ffe458bd000 	C:\WINDOWS\System32\msvcp_win.dll
0x00007ffe47000000 - 0x00007ffe47030000 	C:\WINDOWS\System32\IMM32.DLL
0x00007ffe35140000 - 0x00007ffe35183000 	C:\ProgramData\Anaconda3\DLLs\_decimal.pyd
0x00007ffe3b980000 - 0x00007ffe3ba8e000 	C:\ProgramData\Anaconda3\DLLs\unicodedata.pyd
0x00007ffe3bd20000 - 0x00007ffe3bd36000 	C:\ProgramData\Anaconda3\DLLs\_socket.pyd
0x00007ffe44a60000 - 0x00007ffe44a9b000 	C:\WINDOWS\SYSTEM32\IPHLPAPI.DLL
0x00007ffe3bb10000 - 0x00007ffe3bb19000 	C:\ProgramData\Anaconda3\DLLs\select.pyd
0x00007ffe3ae70000 - 0x00007ffe3ae97000 	C:\ProgramData\Anaconda3\DLLs\_ssl.pyd
0x00007ffe458c0000 - 0x00007ffe45a16000 	C:\WINDOWS\System32\CRYPT32.dll
0x00007ffe35090000 - 0x00007ffe3513c000 	C:\ProgramData\Anaconda3\Library\bin\libssl-1_1-x64.dll
0x00007ffe3baa0000 - 0x00007ffe3bac0000 	C:\ProgramData\Anaconda3\DLLs\_ctypes.pyd
0x00007ffe47c30000 - 0x00007ffe47d5a000 	C:\WINDOWS\System32\ole32.dll
0x00007ffe460a0000 - 0x00007ffe463f5000 	C:\WINDOWS\System32\combase.dll
0x00007ffe47de0000 - 0x00007ffe47ead000 	C:\WINDOWS\System32\OLEAUT32.dll
0x00007ffe3ba90000 - 0x00007ffe3ba9b000 	C:\ProgramData\Anaconda3\DLLs\libffi-7.dll
0x00007ffe46720000 - 0x00007ffe46e5f000 	C:\WINDOWS\System32\shell32.DLL
0x00007ffe3ae20000 - 0x00007ffe3ae2c000 	C:\ProgramData\Anaconda3\lib\site-packages\greenlet\_greenlet.cp38-win_amd64.pyd
0x00007ffe35050000 - 0x00007ffe35081000 	C:\ProgramData\Anaconda3\DLLs\pyexpat.pyd
0x0000000056f80000 - 0x0000000056fa4000 	C:\ProgramData\Anaconda3\lib\site-packages\win32\win32api.pyd
0x0000000056f40000 - 0x0000000056f67000 	C:\ProgramData\Anaconda3\lib\site-packages\win32\pywintypes38.dll
0x00007ffe30b80000 - 0x00007ffe30b8c000 	C:\WINDOWS\SYSTEM32\secur32.dll
0x00007ffe454d0000 - 0x00007ffe45501000 	C:\WINDOWS\SYSTEM32\SSPICLI.DLL
0x0000000056f30000 - 0x0000000056f37000 	C:\ProgramData\Anaconda3\lib\site-packages\win32\_win32sysloader.pyd
0x0000000055260000 - 0x00000000552fb000 	C:\ProgramData\Anaconda3\Library\bin\pythoncom38.dll
0x00007ffe43530000 - 0x00007ffe43542000 	C:\WINDOWS\SYSTEM32\kernel.appcore.dll
0x00007ffe43030000 - 0x00007ffe430ce000 	C:\WINDOWS\system32\uxtheme.dll
0x00007ffe380c0000 - 0x00007ffe382ab000 	C:\WINDOWS\SYSTEM32\urlmon.dll
0x00007ffe44aa0000 - 0x00007ffe44aac000 	C:\WINDOWS\SYSTEM32\netutils.dll
0x00007ffe3cb90000 - 0x00007ffe3cbb8000 	C:\WINDOWS\SYSTEM32\srvcli.dll
0x00007ffe382f0000 - 0x00007ffe385a0000 	C:\WINDOWS\SYSTEM32\iertutil.dll
0x00007ffe46490000 - 0x00007ffe4653d000 	C:\WINDOWS\System32\shcore.dll
0x00007ffe328d0000 - 0x00007ffe32961000 	C:\ProgramData\Anaconda3\msvcp140.dll
0x00007ffe3ae10000 - 0x00007ffe3ae1c000 	C:\ProgramData\Anaconda3\VCRUNTIME140_1.dll
0x00007ffe35000000 - 0x00007ffe35047000 	C:\ProgramData\Anaconda3\lib\site-packages\torch\lib\asmjit.dll
0x00007ffe28ea0000 - 0x00007ffe28f06000 	C:\ProgramData\Anaconda3\lib\site-packages\torch\lib\c10.dll
0x00007ffe2d7c0000 - 0x00007ffe2d9a4000 	C:\WINDOWS\SYSTEM32\dbghelp.dll
0x00007ffdba1f0000 - 0x00007ffdbb868000 	C:\ProgramData\Anaconda3\lib\site-packages\torch\lib\caffe2_detectron_ops.dll
0x00007ffe08610000 - 0x00007ffe08813000 	C:\ProgramData\Anaconda3\lib\site-packages\torch\lib\libiomp5md.dll
0x00007ffd9f240000 - 0x00007ffdac32a000 	C:\ProgramData\Anaconda3\lib\site-packages\torch\lib\torch_cpu.dll
0x00007ffdfe800000 - 0x00007ffdfeabd000 	C:\ProgramData\Anaconda3\lib\site-packages\torch\lib\uv.dll
0x00007ffdfeac0000 - 0x00007ffdfee1d000 	C:\ProgramData\Anaconda3\lib\site-packages\torch\lib\fbgemm.dll
0x00007ffe45f40000 - 0x00007ffe45f48000 	C:\WINDOWS\System32\PSAPI.DLL
0x00007ffe45510000 - 0x00007ffe4553e000 	C:\WINDOWS\SYSTEM32\USERENV.dll
0x00007ffe38700000 - 0x00007ffe3871b000 	C:\ProgramData\Anaconda3\lib\site-packages\torch\lib\caffe2_module_test_dynamic.dll
0x00007ffe08300000 - 0x00007ffe083e9000 	C:\ProgramData\Anaconda3\lib\site-packages\torch\lib\caffe2_observers.dll
0x00007ffe3db30000 - 0x00007ffe3db3d000 	C:\ProgramData\Anaconda3\lib\site-packages\torch\lib\libiompstubs5md.dll
0x00007ffe3d260000 - 0x00007ffe3d269000 	C:\ProgramData\Anaconda3\lib\site-packages\torch\lib\shm.dll
0x00007ffe3d250000 - 0x00007ffe3d257000 	C:\ProgramData\Anaconda3\lib\site-packages\torch\lib\torch.dll
0x00007ffe3cfd0000 - 0x00007ffe3cfd7000 	C:\ProgramData\Anaconda3\lib\site-packages\torch\lib\torch_global_deps.dll
0x00007ffdfdce0000 - 0x00007ffdfe7f3000 	C:\ProgramData\Anaconda3\lib\site-packages\torch\lib\torch_python.dll
0x00007ffe3bcf0000 - 0x00007ffe3bcf7000 	C:\ProgramData\Anaconda3\lib\site-packages\torch\_C.cp38-win_amd64.pyd
0x000000006f7c0000 - 0x0000000071448000 	C:\Users\Pondol\AppData\Roaming\Python\Python38\site-packages\numpy\.libs\libopenblas.PYQHXLVVQ7VESDPUVUADXEVJOBGHJPAY.gfortran-win_amd64.dll
0x00007ffde3e20000 - 0x00007ffde40ff000 	C:\Users\Pondol\AppData\Roaming\Python\Python38\site-packages\numpy\core\_multiarray_umath.cp38-win_amd64.pyd
0x00007ffe3bcc0000 - 0x00007ffe3bce2000 	C:\Users\Pondol\AppData\Roaming\Python\Python38\site-packages\numpy\core\_multiarray_tests.cp38-win_amd64.pyd
0x00007ffe3bb70000 - 0x00007ffe3bb7c000 	C:\Users\Pondol\AppData\Roaming\Python\Python38\site-packages\numpy\linalg\lapack_lite.cp38-win_amd64.pyd
0x00007ffe3bb40000 - 0x00007ffe3bb66000 	C:\Users\Pondol\AppData\Roaming\Python\Python38\site-packages\numpy\linalg\_umath_linalg.cp38-win_amd64.pyd
0x00007ffe3bb20000 - 0x00007ffe3bb40000 	C:\Users\Pondol\AppData\Roaming\Python\Python38\site-packages\numpy\fft\_pocketfft_internal.cp38-win_amd64.pyd
0x00007ffe0ed10000 - 0x00007ffe0eda2000 	C:\Users\Pondol\AppData\Roaming\Python\Python38\site-packages\numpy\random\mtrand.cp38-win_amd64.pyd
0x00007ffe3bac0000 - 0x00007ffe3baed000 	C:\Users\Pondol\AppData\Roaming\Python\Python38\site-packages\numpy\random\_bit_generator.cp38-win_amd64.pyd
0x00007ffe37ec0000 - 0x00007ffe37ef2000 	C:\Users\Pondol\AppData\Roaming\Python\Python38\site-packages\numpy\random\_common.cp38-win_amd64.pyd
0x00007ffe28dc0000 - 0x00007ffe28e12000 	C:\Users\Pondol\AppData\Roaming\Python\Python38\site-packages\numpy\random\_bounded_integers.cp38-win_amd64.pyd
0x00007ffe3b960000 - 0x00007ffe3b97e000 	C:\Users\Pondol\AppData\Roaming\Python\Python38\site-packages\numpy\random\_mt19937.cp38-win_amd64.pyd
0x00007ffe35290000 - 0x00007ffe352a8000 	C:\Users\Pondol\AppData\Roaming\Python\Python38\site-packages\numpy\random\_philox.cp38-win_amd64.pyd
0x00007ffe34fe0000 - 0x00007ffe34ff6000 	C:\Users\Pondol\AppData\Roaming\Python\Python38\site-packages\numpy\random\_pcg64.cp38-win_amd64.pyd
0x00007ffe34720000 - 0x00007ffe34733000 	C:\Users\Pondol\AppData\Roaming\Python\Python38\site-packages\numpy\random\_sfc64.cp38-win_amd64.pyd
0x00007ffe0e110000 - 0x00007ffe0e1b8000 	C:\Users\Pondol\AppData\Roaming\Python\Python38\site-packages\numpy\random\_generator.cp38-win_amd64.pyd
0x00007ffe3bb00000 - 0x00007ffe3bb09000 	C:\ProgramData\Anaconda3\DLLs\_multiprocessing.pyd
0x00007ffe34700000 - 0x00007ffe34712000 	C:\ProgramData\Anaconda3\DLLs\_asyncio.pyd
0x00007ffe3ae00000 - 0x00007ffe3ae0d000 	C:\ProgramData\Anaconda3\DLLs\_overlapped.pyd
0x00007ffe44dc0000 - 0x00007ffe44e2a000 	C:\WINDOWS\system32\mswsock.dll
0x00007ffe3a0e0000 - 0x00007ffe3a0e9000 	C:\ProgramData\Anaconda3\DLLs\_queue.pyd
0x00007ffe32f80000 - 0x00007ffe32fc0000 	C:\Users\Pondol\AppData\Roaming\Python\Python38\site-packages\pandas\_libs\tslibs\conversion.cp38-win_amd64.pyd
0x00007ffe28e60000 - 0x00007ffe28e9b000 	C:\Users\Pondol\AppData\Roaming\Python\Python38\site-packages\pandas\_libs\tslibs\c_timestamp.cp38-win_amd64.pyd
0x00007ffe1a9b0000 - 0x00007ffe1a9e6000 	C:\Users\Pondol\AppData\Roaming\Python\Python38\site-packages\pandas\_libs\tslibs\nattype.cp38-win_amd64.pyd
0x00007ffe32a40000 - 0x00007ffe32a6e000 	C:\Users\Pondol\AppData\Roaming\Python\Python38\site-packages\pandas\_libs\missing.cp38-win_amd64.pyd
0x00007ffe328b0000 - 0x00007ffe328c1000 	C:\Users\Pondol\AppData\Roaming\Python\Python38\site-packages\pandas\_libs\tslibs\np_datetime.cp38-win_amd64.pyd
0x00007ffe32340000 - 0x00007ffe32352000 	C:\Users\Pondol\AppData\Roaming\Python\Python38\site-packages\pandas\_libs\ops_dispatch.cp38-win_amd64.pyd
0x00007ffe16710000 - 0x00007ffe16745000 	C:\Users\Pondol\AppData\Roaming\Python\Python38\site-packages\pandas\_libs\tslibs\timezones.cp38-win_amd64.pyd
0x00007ffe118e0000 - 0x00007ffe1191f000 	C:\Users\Pondol\AppData\Roaming\Python\Python38\site-packages\pandas\_libs\tslibs\tzconversion.cp38-win_amd64.pyd
0x00007ffe103e0000 - 0x00007ffe10446000 	C:\Users\Pondol\AppData\Roaming\Python\Python38\site-packages\pandas\_libs\tslibs\timedeltas.cp38-win_amd64.pyd
0x00007ffe0e430000 - 0x00007ffe0e48b000 	C:\Users\Pondol\AppData\Roaming\Python\Python38\site-packages\pandas\_libs\tslibs\offsets.cp38-win_amd64.pyd
0x00007ffe30e30000 - 0x00007ffe30e43000 	C:\Users\Pondol\AppData\Roaming\Python\Python38\site-packages\pandas\_libs\tslibs\ccalendar.cp38-win_amd64.pyd
0x00007ffe091d0000 - 0x00007ffe09225000 	C:\Users\Pondol\AppData\Roaming\Python\Python38\site-packages\pandas\_libs\tslibs\strptime.cp38-win_amd64.pyd
0x00007ffe0e2c0000 - 0x00007ffe0e2fa000 	C:\Users\Pondol\AppData\Roaming\Python\Python38\site-packages\pandas\_libs\tslibs\fields.cp38-win_amd64.pyd
0x00007ffe09170000 - 0x00007ffe091c6000 	C:\Users\Pondol\AppData\Roaming\Python\Python38\site-packages\pandas\_libs\tslibs\parsing.cp38-win_amd64.pyd
0x00007ffe18370000 - 0x00007ffe18391000 	C:\Users\Pondol\AppData\Roaming\Python\Python38\site-packages\pandas\_libs\tslibs\frequencies.cp38-win_amd64.pyd
0x00007ffe082a0000 - 0x00007ffe08300000 	C:\Users\Pondol\AppData\Roaming\Python\Python38\site-packages\pandas\_libs\tslibs\period.cp38-win_amd64.pyd
0x00007ffe081b0000 - 0x00007ffe081f4000 	C:\Users\Pondol\AppData\Roaming\Python\Python38\site-packages\pandas\_libs\tslibs\timestamps.cp38-win_amd64.pyd
0x00007ffe08f60000 - 0x00007ffe08f9a000 	C:\Users\Pondol\AppData\Roaming\Python\Python38\site-packages\pandas\_libs\tslibs\resolution.cp38-win_amd64.pyd
0x00007ffe08120000 - 0x00007ffe081a8000 	C:\Users\Pondol\AppData\Roaming\Python\Python38\site-packages\pandas\_libs\hashtable.cp38-win_amd64.pyd
0x00007ffe06e60000 - 0x00007ffe06ed7000 	C:\Users\Pondol\AppData\Roaming\Python\Python38\site-packages\pandas\_libs\lib.cp38-win_amd64.pyd
0x00007ffe080d0000 - 0x00007ffe08114000 	C:\Users\Pondol\AppData\Roaming\Python\Python38\site-packages\pandas\_libs\tslib.cp38-win_amd64.pyd
0x00007ffe06d30000 - 0x00007ffe06e53000 	C:\Users\Pondol\AppData\Roaming\Python\Python38\site-packages\pandas\_libs\interval.cp38-win_amd64.pyd
0x00007ffdf63a0000 - 0x00007ffdf64e9000 	C:\Users\Pondol\AppData\Roaming\Python\Python38\site-packages\pandas\_libs\algos.cp38-win_amd64.pyd
0x00007ffe30d20000 - 0x00007ffe30d34000 	C:\Users\Pondol\AppData\Roaming\Python\Python38\site-packages\pandas\_libs\properties.cp38-win_amd64.pyd
0x00007ffe17cc0000 - 0x00007ffe17cec000 	C:\Users\Pondol\AppData\Roaming\Python\Python38\site-packages\pandas\_libs\hashing.cp38-win_amd64.pyd
0x00007ffe08f00000 - 0x00007ffe08f34000 	C:\Users\Pondol\AppData\Roaming\Python\Python38\site-packages\pandas\_libs\ops.cp38-win_amd64.pyd
0x00007ffe210d0000 - 0x00007ffe210e9000 	C:\ProgramData\Anaconda3\lib\site-packages\bottleneck\reduce.cp38-win_amd64.pyd
0x00007ffe34f70000 - 0x00007ffe34f7a000 	C:\ProgramData\Anaconda3\lib\site-packages\bottleneck\nonreduce.cp38-win_amd64.pyd

dbghelp: loaded successfully - version: 4.0.5 - missing functions: none
symbol engine: initialized successfully - sym options: 0x614 - pdb path: .;C:\ProgramData\Anaconda3;C:\WINDOWS\SYSTEM32;C:\ProgramData\Anaconda3\lib\site-packages\markupsafe;C:\ProgramData\Anaconda3\DLLs;C:\ProgramData\Anaconda3\Library\bin;C:\ProgramData\Anaconda3\lib\site-packages\greenlet;C:\ProgramData\Anaconda3\lib\site-packages\win32;C:\ProgramData\Anaconda3\lib\site-packages\torch\lib;C:\ProgramData\Anaconda3\lib\site-packages\torch;C:\Users\Pondol\AppData\Roaming\Python\Python38\site-packages\numpy\.libs;C:\Users\Pondol\AppData\Roaming\Python\Python38\site-packages\numpy\core;C:\Users\Pondol\AppData\Roaming\Python\Python38\site-packages\numpy\linalg;C:\Users\Pondol\AppData\Roaming\Python\Python38\site-packages\numpy\fft;C:\Users\Pondol\AppData\Roaming\Python\Python38\site-packages\numpy\random;C:\Users\Pondol\AppData\Roaming\Python\Python38\site-packages\pandas\_libs\tslibs;C:\Users\Pondol\AppData\Roaming\Python\Python38\site-packages\pandas\_libs;C:\ProgramData\Anaconda3\lib\site-packages\bottleneck;C:\Users\Pondol\AppData\Roaming\Python\Python38\site-packages\pandas\_libs\window;C:\Users\Pondol\AppData\Roaming\Python\Python38\site-packages\sklearn\.libs;C:\Users\Pondol\AppData\Roaming\Python\Python38\site-packages\sklearn\__check_build;C:\ProgramData\Anaconda3\lib\site-packages\scipy\_lib;C:\ProgramData\Anaconda3\lib\site-packages\scipy\sparse;C:\ProgramData\Anaconda3\lib\site-packages\scipy\sparse\csgraph;C:\Users\Pondol\AppData\Roaming\Python\Python38\site-packages\sklearn\utils;C:\ProgramData\Anaconda3\lib\site-packages\psutil;C:\ProgramData\Anaconda3\lib\site-packages\scipy\spatial;C:\ProgramData\Anaconda3\lib\site-packages\scipy\linalg;C:\ProgramData\Anaconda3\lib\site-packages\scipy\special;C:\ProgramData\Anaconda3\lib\site-packages\scipy\spatial\transform;C:\ProgramData\Anaconda3\lib\site-packages\scipy\ndimage;C:\ProgramData\Anaconda3\lib\site-packages\scipy\optimize;C:\ProgramData\Anaconda3\lib\site-packages\scipy\sparse\linalg\isolve;C:\ProgramData\Anaconda3\lib\site-packages\scipy\sparse\linalg\dsolve;C:\ProgramData\Anaconda3\lib\site-packages\scipy\sparse\linalg\eigen\arpack;C:\ProgramData\Anaconda3\lib\site-packages\scipy\optimize\_trlib;C:\ProgramData\Anaconda3\lib\site-packages\scipy\optimize\_lsq;C:\ProgramData\Anaconda3\lib\site-packages\scipy\optimize\_highs;C:\ProgramData\Anaconda3\lib\site-packages\scipy\integrate;C:\ProgramData\Anaconda3\lib\site-packages\scipy\interpolate;C:\ProgramData\Anaconda3\lib\site-packages\scipy\stats;C:\Users\Pondol\AppData\Roaming\Python\Python38\site-packages\sklearn\preprocessing;C:\Users\Pondol\AppData\Roaming\Python\Python38\site-packages\sklearn\metrics\cluster;C:\Users\Pondol\AppData\Roaming\Python\Python38\site-packages\sklearn\metrics;C:\Users\Pondol\AppData\Roaming\Python\Python38\site-packages\sklearn\linear_model;C:\Users\Pondol\AppData\Roaming\Python\Python38\site-packages\sklearn\svm;C:\ProgramData\Anaconda3\lib\site-packages;C:\ProgramData\Anaconda3\lib\site-packages\brotli;C:\ProgramData\Anaconda3\lib\site-packages\lxml;C:\Users\Pondol\AppData\Roaming\Python\Python38\site-packages\matplotlib;C:\WINDOWS\WinSxS\amd64_microsoft.windows.common-controls_6595b64144ccf1df_6.0.19041.1110_none_60b5254171f9507e;C:\Users\Pondol\AppData\Roaming\Python\Python38\site-packages\matplotlib\backends;C:\ProgramData\Anaconda3\lib\site-packages\PIL;C:\Users\Pondol\AppData\Roaming\Python\Python38\site-packages\sklearn\decomposition;C:\Users\Pondol\AppData\Roaming\Python\Python38\site-packages\gensim;C:\Users\Pondol\AppData\Roaming\Python\Python38\site-packages\gensim\corpora;C:\Users\Pondol\AppData\Roaming\Python\Python38\site-packages\gensim\models;C:\Users\Pondol\AppData\Roaming\Python\Python38\site-packages\sklearn\neighbors;C:\Program Files\Java\jdk-14.0.2\bin\server;C:\Program Files\Java\jdk-14.0.2\bin;C:\ProgramData\Anaconda3\tcl\reg1.3

VM Arguments:
jvm_args: -Dfile.encoding=UTF8 -ea -Xmx1024m 
java_command: <unknown>
java_class_path (initial): C:\Users\Pondol\AppData\Roaming\Python\Python38\site-packages\konlpy\java;C:\Users\Pondol\AppData\Roaming\Python\Python38\site-packages\konlpy\java\bin;C:\Users\Pondol\AppData\Roaming\Python\Python38\site-packages\konlpy\java\*;C:\Users\Pondol\AppData\Roaming\Python\Python38\site-packages\konlpy\java\jhannanum-0.8.4.jar;C:\Users\Pondol\AppData\Roaming\Python\Python38\site-packages\konlpy\java\kkma-2.0.jar;C:\Users\Pondol\AppData\Roaming\Python\Python38\site-packages\konlpy\java\aho-corasick.jar;C:\Users\Pondol\AppData\Roaming\Python\Python38\site-packages\konlpy\java\shineware-common-1.0.jar;C:\Users\Pondol\AppData\Roaming\Python\Python38\site-packages\konlpy\java\shineware-ds-1.0.jar;C:\Users\Pondol\AppData\Roaming\Python\Python38\site-packages\konlpy\java\komoran-3.0.jar;C:\Users\Pondol\AppData\Roaming\Python\Python38\site-packages\konlpy\java\snakeyaml-1.12.jar;C:\Users\Pondol\AppData\Roaming\Python\Python38\site-packages\konlpy\java\scala-library-2.12.3.jar;C:\Users\Pondol\AppData\Roaming\Python\Python38\site-packages\konlpy\java\open-korean-text-2.1.0.jar;C:\Users\Pondol\AppData\Roaming\Python\Python38\site-packages\konlpy\java\twitter-text-1.14.7.jar;C:\Users\Pondol\AppData\Roaming\Python\Python38\site-packages\konlpy\java\*
Launcher Type: generic

[Global flags]
     intx CICompilerCount                          = 4                                         {product} {ergonomic}
     uint ConcGCThreads                            = 2                                         {product} {ergonomic}
     uint G1ConcRefinementThreads                  = 8                                         {product} {ergonomic}
   size_t G1HeapRegionSize                         = 1048576                                   {product} {ergonomic}
    uintx GCDrainStackTargetSize                   = 64                                        {product} {ergonomic}
   size_t InitialHeapSize                          = 268435456                                 {product} {ergonomic}
   size_t MarkStackSize                            = 4194304                                   {product} {ergonomic}
   size_t MaxHeapSize                              = 1073741824                                {product} {command line}
   size_t MaxNewSize                               = 643825664                                 {product} {ergonomic}
   size_t MinHeapDeltaBytes                        = 1048576                                   {product} {ergonomic}
   size_t MinHeapSize                              = 8388608                                   {product} {ergonomic}
    uintx NonNMethodCodeHeapSize                   = 5839372                                {pd product} {ergonomic}
    uintx NonProfiledCodeHeapSize                  = 122909434                              {pd product} {ergonomic}
    uintx ProfiledCodeHeapSize                     = 122909434                              {pd product} {ergonomic}
    uintx ReservedCodeCacheSize                    = 251658240                              {pd product} {ergonomic}
     bool SegmentedCodeCache                       = true                                      {product} {ergonomic}
   size_t SoftMaxHeapSize                          = 1073741824                             {manageable} {ergonomic}
     bool UseCompressedClassPointers               = true                                 {lp64_product} {ergonomic}
     bool UseCompressedOops                        = true                                 {lp64_product} {ergonomic}
     bool UseG1GC                                  = true                                      {product} {ergonomic}
     bool UseLargePagesIndividualAllocation        = false                                  {pd product} {ergonomic}

Logging:
Log output configuration:
 #0: stdout all=warning uptime,level,tags
 #1: stderr all=off uptime,level,tags

Environment Variables:
JAVA_HOME=C:\Program Files\Java\jdk-14.0.2
PATH=C:\ProgramData\Anaconda3;C:\ProgramData\Anaconda3\Library\mingw-w64\bin;C:\ProgramData\Anaconda3\Library\usr\bin;C:\ProgramData\Anaconda3\Library\bin;C:\ProgramData\Anaconda3\Scripts;C:\ProgramData\Anaconda3\bin;C:\ProgramData\Anaconda3\condabin;C:\Program Files\NVIDIA GPU Computing Toolkit\CUDA\v11.5\bin;C:\Program Files\NVIDIA GPU Computing Toolkit\CUDA\v11.5\libnvvp;C:\Anaconda3-32;C:\Anaconda3-32\Library\mingw-w64\bin;C:\Anaconda3-32\Library\usr\bin;C:\Anaconda3-32\Library\bin;C:\Anaconda3-32\Scripts;C:\WINDOWS\system32;C:\WINDOWS;C:\WINDOWS\System32\Wbem;C:\WINDOWS\System32\WindowsPowerShell\v1.0;C:\WINDOWS\System32\OpenSSH;C:\Program Files\nodejs;C:\Program Files\Git\cmd;C:\Users\Pondol\AppData\Local\Android\Sdk;C:\Program Files\Java\jdk-14.0.2;C:\Program Files (x86)\Common Files\Oracle\Java\javapath;C:\Users\Pondol\AppData\Local\Android\Sdk\platform-tools;C:\Program Files\Java\gradle-6.6.1\bin;C:\Program Files\Java\jre1.8.0_261\bin;C:\Program Files\Java\jdk1.8.0_261\bin;C:\Program Files\TortoiseSVN\bin;C:\Program Files\Git\mingw64\bin;C:\Program Files\PuTTY;C:\Program Files (x86)\NVIDIA Corporation\PhysX\Common;C:\Program Files\NVIDIA Corporation\NVIDIA NvDLISR;C:\Program Files\NVIDIA Corporation\Nsight Compute 2021.3.0;C:\Users\Pondol\AppData\Local\Microsoft\WindowsApps;C:\Users\Pondol\AppData\Local\atom\bin;C:\Users\Pondol\AppData\Roaming\npm;C:\Users\Pondol\AppData\Local\GitHubDesktop\bin;C:\Users\Pondol\AppData\Local\Microsoft\WindowsApps;C:\Users\Pondol\AppData\Local\Programs\Microsoft VS Code\bin;C:\Program Files (x86)\ESTsoft\ALSee\x64
OS=Windows_NT
PROCESSOR_IDENTIFIER=Intel64 Family 6 Model 60 Stepping 3, GenuineIntel



---------------  S Y S T E M  ---------------

OS: Windows 10 , 64 bit Build 19041 (10.0.19041.1202)
OS uptime: 1 days 1:20 hours

CPU:total 8 (initial active 8) (4 cores per cpu, 2 threads per core) family 6 model 60 stepping 3, cmov, cx8, fxsr, mmx, sse, sse2, sse3, ssse3, sse4.1, sse4.2, popcnt, avx, avx2, aes, clmul, erms, lzcnt, ht, tsc, tscinvbit, bmi1, bmi2, fma

Memory: 4k page, system-wide physical 16303M (6718M free)
TotalPageFile size 21423M (AvailPageFile size 4001M)
current process WorkingSet (physical memory assigned to process): 2728M, peak: 5428M
current process commit charge ("private bytes"): 3082M, peak: 5725M

vm_info: Java HotSpot(TM) 64-Bit Server VM (14.0.2+12-46) for windows-amd64 JRE (14.0.2+12-46), built on Jul  9 2020 00:35:52 by "mach5one" with MS VC++ 15.9 (VS2017)

END.
