#
# A fatal error has been detected by the Java Runtime Environment:
#
#  Internal Error (./open/src/hotspot/os_cpu/windows_x86/os_windows_x86.cpp:145), pid=7860, tid=13204
#  guarantee(result == EXCEPTION_CONTINUE_EXECUTION) failed: Unexpected result from topLevelExceptionFilter
#
# JRE version: Java(TM) SE Runtime Environment (14.0.2+12) (build 14.0.2+12-46)
# Java VM: Java HotSpot(TM) 64-Bit Server VM (14.0.2+12-46, mixed mode, sharing, tiered, compressed oops, g1 gc, windows-amd64)
# No core dump will be written. Minidumps are not enabled by default on client versions of Windows
#
# If you would like to submit a bug report, please visit:
#   https://bugreport.java.com/bugreport/crash.jsp
# The crash happened outside the Java Virtual Machine in native code.
# See problematic frame for where to report the bug.
#

---------------  S U M M A R Y ------------

Command Line: -Dfile.encoding=UTF8 -ea -Xmx1024m 

Host: Intel(R) Core(TM) i7-4790K CPU @ 4.00GHz, 8 cores, 15G,  Windows 10 , 64 bit Build 19041 (10.0.19041.1202)
Time: Mon Nov  8 11:23:28 2021 대한민국 표준시 elapsed time: 435 seconds (0d 0h 7m 15s)

---------------  T H R E A D  ---------------

Current thread (0x0000021d0e30e800):  JavaThread "Python Reference Queue" daemon [_thread_in_native, id=13204, stack(0x0000003df3e20000,0x0000003df4010000)]

Stack: [0x0000003df3e20000,0x0000003df4010000]
Native frames: (J=compiled Java code, j=interpreted, Vv=VM code, C=native code)
C  0x00007ffdc58a8a9a
C  0x00007ffdc59f247a
C  0x00007ffdc59f3c2f
C  0x00007ffdc59f4227
C  0x00007ffdc54bd20c
C  0x00007ffdc58a875c
C  [ntdll.dll+0xa20cf]
C  [ntdll.dll+0x51454]
C  [ntdll.dll+0xa0bfe]
C  0x00007ffdd7b4735d
C  0x00007ffdd7b47392
C  0x00007ffdd7a73884
C  0x00007ffdd7a76393
C  0x00007ffdd7c148eb
C  [python38.dll+0x16b38]  dict_dealloc+0x198  (dictobject.c:1998)
C  [python38.dll+0x41fa4]  subtype_dealloc+0x1a4  (typeobject.c:1278)
C  [python38.dll+0x16bd9]  dict_dealloc+0x239  (dictobject.c:1990)
C  [python38.dll+0x41fa4]  subtype_dealloc+0x1a4  (typeobject.c:1278)
C  [python38.dll+0x16bd9]  dict_dealloc+0x239  (dictobject.c:1990)
C  [python38.dll+0x924e8]  subtype_clear+0xa8  (typeobject.c:1143)
C  [python38.dll+0x90ce0]  delete_garbage+0x50  (gcmodule.c:949)
C  [python38.dll+0x9042d]  collect+0x165  (gcmodule.c:1128)
C  [python38.dll+0x8f18d]  collect_with_callback+0x45  (gcmodule.c:1241)
C  [python38.dll+0xf64c3]  PyGC_Collect+0x63  (gcmodule.c:1834)
C  0x00007ffdd83bbec0  Java_jpype_ref_JPypeReferenceQueue_wake+0x40  (jp_reference_queue.cpp:60)
C  0x0000021d16daf417

Java frames: (J=compiled Java code, j=interpreted, Vv=VM code)
j  org.jpype.ref.JPypeReferenceQueue.wake(J)V+0
j  org.jpype.ref.JPypeReferenceQueue$Worker.run()V+49
j  java.lang.Thread.run()V+11 java.base@14.0.2
v  ~StubRoutines::call_stub

---------------  P R O C E S S  ---------------

Threads class SMR info:
_java_thread_list=0x0000021d2bee95e0, length=12, elements={
0x0000021d0db9d000, 0x0000021d0de57800, 0x0000021d0de58000, 0x0000021d0de79000,
0x0000021d0de7b800, 0x0000021d0de7c800, 0x0000021d7f785800, 0x0000021d7f783800,
0x0000021d0dee1800, 0x0000021d0e009000, 0x0000021d7f784800, 0x0000021d0e30e800
}

Java Threads: ( => current thread )
  0x0000021d0db9d000 JavaThread "main" [_thread_in_native, id=19344, stack(0x0000003df0400000,0x0000003df05f0000)]
  0x0000021d0de57800 JavaThread "Reference Handler" daemon [_thread_blocked, id=23952, stack(0x0000003df24f0000,0x0000003df26e0000)]
  0x0000021d0de58000 JavaThread "Finalizer" daemon [_thread_blocked, id=18568, stack(0x0000003df26e0000,0x0000003df28d0000)]
  0x0000021d0de79000 JavaThread "Signal Dispatcher" daemon [_thread_blocked, id=7368, stack(0x0000003df28d0000,0x0000003df2ac0000)]
  0x0000021d0de7b800 JavaThread "Attach Listener" daemon [_thread_blocked, id=11308, stack(0x0000003df2ac0000,0x0000003df2cb0000)]
  0x0000021d0de7c800 JavaThread "Service Thread" daemon [_thread_blocked, id=24284, stack(0x0000003df2cb0000,0x0000003df2ea0000)]
  0x0000021d7f785800 JavaThread "C2 CompilerThread0" daemon [_thread_blocked, id=17276, stack(0x0000003df2ea0000,0x0000003df3090000)]
  0x0000021d7f783800 JavaThread "C1 CompilerThread0" daemon [_thread_blocked, id=4300, stack(0x0000003df3090000,0x0000003df3280000)]
  0x0000021d0dee1800 JavaThread "Sweeper thread" daemon [_thread_blocked, id=20088, stack(0x0000003df3280000,0x0000003df3470000)]
  0x0000021d0e009000 JavaThread "Notification Thread" daemon [_thread_blocked, id=22008, stack(0x0000003df3470000,0x0000003df3660000)]
  0x0000021d7f784800 JavaThread "Common-Cleaner" daemon [_thread_blocked, id=13912, stack(0x0000003df3850000,0x0000003df3a40000)]
=>0x0000021d0e30e800 JavaThread "Python Reference Queue" daemon [_thread_in_native, id=13204, stack(0x0000003df3e20000,0x0000003df4010000)]

Other Threads:
  0x0000021d0a819000 VMThread "VM Thread" [stack: 0x0000003df2300000,0x0000003df24f0000] [id=8364]
  0x0000021d0e022800 WatcherThread [stack: 0x0000003df3660000,0x0000003df3850000] [id=4176]
  0x0000021d0a819800 GCTaskThread "GC Thread#0" [stack: 0x0000003df1950000,0x0000003df1b40000] [id=5892]
  0x0000021d0a81b000 GCTaskThread "GC Thread#1" [stack: 0x0000003df4010000,0x0000003df4200000] [id=17044]
  0x0000021d0a81b800 GCTaskThread "GC Thread#2" [stack: 0x0000003df4200000,0x0000003df43f0000] [id=11876]
  0x0000021d0a81e800 GCTaskThread "GC Thread#3" [stack: 0x0000003df43f0000,0x0000003df45e0000] [id=10620]
  0x0000021d0a818000 GCTaskThread "GC Thread#4" [stack: 0x0000003df45e0000,0x0000003df47d0000] [id=22592]
  0x0000021d0a821000 GCTaskThread "GC Thread#5" [stack: 0x0000003df47d0000,0x0000003df49c0000] [id=20272]
  0x0000021d0dbbf000 ConcurrentGCThread "G1 Main Marker" [stack: 0x0000003df1b40000,0x0000003df1d30000] [id=4872]
  0x0000021d0a81e000 ConcurrentGCThread "G1 Conc#0" [stack: 0x0000003df1d30000,0x0000003df1f20000] [id=19924]
  0x0000021d0dcdd800 ConcurrentGCThread "G1 Refine#0" [stack: 0x0000003df1f20000,0x0000003df2110000] [id=21728]
  0x0000021d0dcde000 ConcurrentGCThread "G1 Young RemSet Sampling" [stack: 0x0000003df2110000,0x0000003df2300000] [id=13336]

Threads with active compile tasks:

VM state:not at safepoint (normal execution)

VM Mutex/Monitor currently owned by a thread: None

Heap address: 0x00000000c0000000, size: 1024 MB, Compressed Oops mode: 32-bit
Narrow klass base: 0x0000000800000000, Narrow klass shift: 3
Compressed class space size: 1073741824 Address: 0x0000000800b30000

Heap:
 garbage-first heap   total 20480K, used 5640K [0x00000000c0000000, 0x0000000100000000)
  region size 1024K, 1 young (1024K), 0 survivors (0K)
 Metaspace       used 2518K, capacity 4933K, committed 5120K, reserved 1056768K
  class space    used 221K, capacity 464K, committed 512K, reserved 1048576K
Heap Regions: E=young(eden), S=young(survivor), O=old, HS=humongous(starts), HC=humongous(continues), CS=collection set, F=free, OA=open archive, CA=closed archive, TAMS=top-at-mark-start (previous, next)
|   0|0x00000000c0000000, 0x00000000c00fffa0, 0x00000000c0100000| 99%| O|  |TAMS 0x00000000c0000000, 0x00000000c0000000| Untracked 
|   1|0x00000000c0100000, 0x00000000c01ffff0, 0x00000000c0200000| 99%| O|  |TAMS 0x00000000c0100000, 0x00000000c0100000| Untracked 
|   2|0x00000000c0200000, 0x00000000c02ffff0, 0x00000000c0300000| 99%| O|  |TAMS 0x00000000c0200000, 0x00000000c0200000| Untracked 
|   3|0x00000000c0300000, 0x00000000c03ffff8, 0x00000000c0400000| 99%| O|  |TAMS 0x00000000c0300000, 0x00000000c0300000| Untracked 
|   4|0x00000000c0400000, 0x00000000c04ffff8, 0x00000000c0500000| 99%| O|  |TAMS 0x00000000c0400000, 0x00000000c0400000| Untracked 
|   5|0x00000000c0500000, 0x00000000c0582380, 0x00000000c0600000| 50%| O|  |TAMS 0x00000000c0500000, 0x00000000c0500000| Untracked 
|   6|0x00000000c0600000, 0x00000000c0600000, 0x00000000c0700000|  0%| F|  |TAMS 0x00000000c0600000, 0x00000000c0600000| Untracked 
|   7|0x00000000c0700000, 0x00000000c0700000, 0x00000000c0800000|  0%| F|  |TAMS 0x00000000c0700000, 0x00000000c0700000| Untracked 
|   8|0x00000000c0800000, 0x00000000c0800000, 0x00000000c0900000|  0%| F|  |TAMS 0x00000000c0800000, 0x00000000c0800000| Untracked 
|   9|0x00000000c0900000, 0x00000000c0900000, 0x00000000c0a00000|  0%| F|  |TAMS 0x00000000c0900000, 0x00000000c0900000| Untracked 
|  10|0x00000000c0a00000, 0x00000000c0a00000, 0x00000000c0b00000|  0%| F|  |TAMS 0x00000000c0a00000, 0x00000000c0a00000| Untracked 
|  11|0x00000000c0b00000, 0x00000000c0b00000, 0x00000000c0c00000|  0%| F|  |TAMS 0x00000000c0b00000, 0x00000000c0b00000| Untracked 
|  12|0x00000000c0c00000, 0x00000000c0c00000, 0x00000000c0d00000|  0%| F|  |TAMS 0x00000000c0c00000, 0x00000000c0c00000| Untracked 
|  13|0x00000000c0d00000, 0x00000000c0d00000, 0x00000000c0e00000|  0%| F|  |TAMS 0x00000000c0d00000, 0x00000000c0d00000| Untracked 
|  14|0x00000000c0e00000, 0x00000000c0e00000, 0x00000000c0f00000|  0%| F|  |TAMS 0x00000000c0e00000, 0x00000000c0e00000| Untracked 
|  15|0x00000000c0f00000, 0x00000000c0f00000, 0x00000000c1000000|  0%| F|  |TAMS 0x00000000c0f00000, 0x00000000c0f00000| Untracked 
|  16|0x00000000c1000000, 0x00000000c1000000, 0x00000000c1100000|  0%| F|  |TAMS 0x00000000c1000000, 0x00000000c1000000| Untracked 
|  17|0x00000000c1100000, 0x00000000c1100000, 0x00000000c1200000|  0%| F|  |TAMS 0x00000000c1100000, 0x00000000c1100000| Untracked 
|  18|0x00000000c1200000, 0x00000000c1200000, 0x00000000c1300000|  0%| F|  |TAMS 0x00000000c1200000, 0x00000000c1200000| Untracked 
|  19|0x00000000c1300000, 0x00000000c130d530, 0x00000000c1400000|  5%| E|  |TAMS 0x00000000c1300000, 0x00000000c1300000| Complete 

Card table byte_map: [0x0000021d262d0000,0x0000021d264d0000] _byte_map_base: 0x0000021d25cd0000

Marking Bits (Prev, Next): (CMBitMap*) 0x0000021d0a66b798, (CMBitMap*) 0x0000021d0a66b7d8
 Prev Bits: [0x0000021d266d0000, 0x0000021d276d0000)
 Next Bits: [0x0000021d276d0000, 0x0000021d286d0000)

Polling page: 0x0000021d0cf00000

Metaspace:

Usage:
  Non-class:      4.36 MB capacity,     2.24 MB ( 51%) used,     2.12 MB ( 48%) free+waste,     5.38 KB ( <1%) overhead. 
      Class:    464.00 KB capacity,   221.65 KB ( 48%) used,   239.60 KB ( 52%) free+waste,     2.75 KB ( <1%) overhead. 
       Both:      4.82 MB capacity,     2.46 MB ( 51%) used,     2.35 MB ( 49%) free+waste,     8.13 KB ( <1%) overhead. 

Virtual space:
  Non-class space:        8.00 MB reserved,       4.50 MB ( 56%) committed 
      Class space:        1.00 GB reserved,     512.00 KB ( <1%) committed 
             Both:        1.01 GB reserved,       5.00 MB ( <1%) committed 

Chunk freelists:
   Non-Class:  11.00 KB
       Class:  0 bytes
        Both:  11.00 KB

MaxMetaspaceSize: 17179869184.00 GB
CompressedClassSpaceSize: 1.00 GB

CodeHeap 'non-profiled nmethods': size=120000Kb used=448Kb max_used=448Kb free=119551Kb
 bounds [0x0000021d1e870000, 0x0000021d1eae0000, 0x0000021d25da0000]
CodeHeap 'profiled nmethods': size=120000Kb used=1504Kb max_used=1504Kb free=118495Kb
 bounds [0x0000021d17340000, 0x0000021d175b0000, 0x0000021d1e870000]
CodeHeap 'non-nmethods': size=5760Kb used=1134Kb max_used=1187Kb free=4625Kb
 bounds [0x0000021d16da0000, 0x0000021d17010000, 0x0000021d17340000]
 total_blobs=1237 nmethods=857 adapters=293
 compilation: enabled
              stopped_count=0, restarted_count=0
 full_count=0

Compilation events (20 events):
Event: 0.423 Thread 0x0000021d7f783800 nmethod 852 0x0000021d1e8cac90 code [0x0000021d1e8cae20, 0x0000021d1e8caef8]
Event: 0.423 Thread 0x0000021d7f787000 nmethod 823 0x0000021d1e8caf90 code [0x0000021d1e8cb140, 0x0000021d1e8cb558]
Event: 0.423 Thread 0x0000021d7f787000  778   !   4       jdk.internal.jimage.ImageReader$SharedImageReader::imageFileAttributes (46 bytes)
Event: 0.423 Thread 0x0000021d7f787000 nmethod 778 0x0000021d1e8cb710 code [0x0000021d1e8cb8a0, 0x0000021d1e8cb958]
Event: 0.423 Thread 0x0000021d7f787000  779       4       jdk.internal.jimage.ImageReader$Node::<init> (27 bytes)
Event: 0.424 Thread 0x0000021d7f787000 nmethod 779 0x0000021d1e8cba10 code [0x0000021d1e8cbbc0, 0x0000021d1e8cbe78]
Event: 0.424 Thread 0x0000021d7f787000  767       4       jdk.internal.jimage.ImageLocation::buildName (128 bytes)
Event: 0.426 Thread 0x0000021d7f785800 nmethod 774 0x0000021d1e8cbf90 code [0x0000021d1e8cc1c0, 0x0000021d1e8cc748]
Event: 0.426 Thread 0x0000021d7f785800  827       4       java.util.stream.Sink$ChainedReference::cancellationRequested (10 bytes)
Event: 0.427 Thread 0x0000021d7f785800 nmethod 827 0x0000021d1e8cca90 code [0x0000021d1e8ccc60, 0x0000021d1e8ccdc8]
Event: 0.427 Thread 0x0000021d7f785800  788       4       java.lang.String::startsWith (7 bytes)
Event: 0.429 Thread 0x0000021d7f785800 nmethod 788 0x0000021d1e8ccf10 code [0x0000021d1e8cd0e0, 0x0000021d1e8cd358]
Event: 0.446 Thread 0x0000021d7f787000 nmethod 767 0x0000021d1e8cd510 code [0x0000021d1e8cd940, 0x0000021d1e8cfa10]
Event: 0.595 Thread 0x0000021d7f786000 nmethod 777 0x0000021d1e8d0810 code [0x0000021d1e8d1740, 0x0000021d1e8db238]
Event: 24.665 Thread 0x0000021d7f783800  854       3       java.lang.ref.ReferenceQueue::reallyPoll (65 bytes)
Event: 24.666 Thread 0x0000021d7f783800 nmethod 854 0x0000021d174b6d10 code [0x0000021d174b6ee0, 0x0000021d174b7418]
Event: 32.123 Thread 0x0000021d7f783800  855       1       org.jpype.ref.JPypeReferenceQueue::access$100 (5 bytes)
Event: 32.123 Thread 0x0000021d7f783800 nmethod 855 0x0000021d1e8dfc90 code [0x0000021d1e8dfe20, 0x0000021d1e8dfeb8]
Event: 56.237 Thread 0x0000021d7f783800  856   !   3       java.lang.ref.ReferenceQueue::remove (125 bytes)
Event: 56.237 Thread 0x0000021d7f783800 nmethod 856 0x0000021d174b7510 code [0x0000021d174b7720, 0x0000021d174b7fb8]

GC Heap History (20 events):
Event: 326.492 GC heap before
{Heap before GC invocations=26 (full 21):
 garbage-first heap   total 20480K, used 5640K [0x00000000c0000000, 0x0000000100000000)
  region size 1024K, 1 young (1024K), 0 survivors (0K)
 Metaspace       used 2518K, capacity 4933K, committed 5120K, reserved 1056768K
  class space    used 221K, capacity 464K, committed 512K, reserved 1048576K
}
Event: 326.498 GC heap after
{Heap after GC invocations=27 (full 22):
 garbage-first heap   total 20480K, used 5640K [0x00000000c0000000, 0x0000000100000000)
  region size 1024K, 0 young (0K), 0 survivors (0K)
 Metaspace       used 2518K, capacity 4933K, committed 5120K, reserved 1056768K
  class space    used 221K, capacity 464K, committed 512K, reserved 1048576K
}
Event: 326.624 GC heap before
{Heap before GC invocations=27 (full 22):
 garbage-first heap   total 20480K, used 5640K [0x00000000c0000000, 0x0000000100000000)
  region size 1024K, 1 young (1024K), 0 survivors (0K)
 Metaspace       used 2518K, capacity 4933K, committed 5120K, reserved 1056768K
  class space    used 221K, capacity 464K, committed 512K, reserved 1048576K
}
Event: 326.630 GC heap after
{Heap after GC invocations=28 (full 23):
 garbage-first heap   total 20480K, used 5640K [0x00000000c0000000, 0x0000000100000000)
  region size 1024K, 0 young (0K), 0 survivors (0K)
 Metaspace       used 2518K, capacity 4933K, committed 5120K, reserved 1056768K
  class space    used 221K, capacity 464K, committed 512K, reserved 1048576K
}
Event: 326.810 GC heap before
{Heap before GC invocations=28 (full 23):
 garbage-first heap   total 20480K, used 5640K [0x00000000c0000000, 0x0000000100000000)
  region size 1024K, 1 young (1024K), 0 survivors (0K)
 Metaspace       used 2518K, capacity 4933K, committed 5120K, reserved 1056768K
  class space    used 221K, capacity 464K, committed 512K, reserved 1048576K
}
Event: 326.821 GC heap after
{Heap after GC invocations=29 (full 24):
 garbage-first heap   total 20480K, used 5640K [0x00000000c0000000, 0x0000000100000000)
  region size 1024K, 0 young (0K), 0 survivors (0K)
 Metaspace       used 2518K, capacity 4933K, committed 5120K, reserved 1056768K
  class space    used 221K, capacity 464K, committed 512K, reserved 1048576K
}
Event: 330.881 GC heap before
{Heap before GC invocations=29 (full 24):
 garbage-first heap   total 20480K, used 5640K [0x00000000c0000000, 0x0000000100000000)
  region size 1024K, 1 young (1024K), 0 survivors (0K)
 Metaspace       used 2518K, capacity 4933K, committed 5120K, reserved 1056768K
  class space    used 221K, capacity 464K, committed 512K, reserved 1048576K
}
Event: 330.887 GC heap after
{Heap after GC invocations=30 (full 25):
 garbage-first heap   total 20480K, used 5640K [0x00000000c0000000, 0x0000000100000000)
  region size 1024K, 0 young (0K), 0 survivors (0K)
 Metaspace       used 2518K, capacity 4933K, committed 5120K, reserved 1056768K
  class space    used 221K, capacity 464K, committed 512K, reserved 1048576K
}
Event: 330.996 GC heap before
{Heap before GC invocations=30 (full 25):
 garbage-first heap   total 20480K, used 5640K [0x00000000c0000000, 0x0000000100000000)
  region size 1024K, 1 young (1024K), 0 survivors (0K)
 Metaspace       used 2518K, capacity 4933K, committed 5120K, reserved 1056768K
  class space    used 221K, capacity 464K, committed 512K, reserved 1048576K
}
Event: 331.002 GC heap after
{Heap after GC invocations=31 (full 26):
 garbage-first heap   total 20480K, used 5640K [0x00000000c0000000, 0x0000000100000000)
  region size 1024K, 0 young (0K), 0 survivors (0K)
 Metaspace       used 2518K, capacity 4933K, committed 5120K, reserved 1056768K
  class space    used 221K, capacity 464K, committed 512K, reserved 1048576K
}
Event: 331.128 GC heap before
{Heap before GC invocations=31 (full 26):
 garbage-first heap   total 20480K, used 5640K [0x00000000c0000000, 0x0000000100000000)
  region size 1024K, 1 young (1024K), 0 survivors (0K)
 Metaspace       used 2518K, capacity 4933K, committed 5120K, reserved 1056768K
  class space    used 221K, capacity 464K, committed 512K, reserved 1048576K
}
Event: 331.134 GC heap after
{Heap after GC invocations=32 (full 27):
 garbage-first heap   total 20480K, used 5640K [0x00000000c0000000, 0x0000000100000000)
  region size 1024K, 0 young (0K), 0 survivors (0K)
 Metaspace       used 2518K, capacity 4933K, committed 5120K, reserved 1056768K
  class space    used 221K, capacity 464K, committed 512K, reserved 1048576K
}
Event: 331.275 GC heap before
{Heap before GC invocations=32 (full 27):
 garbage-first heap   total 20480K, used 5640K [0x00000000c0000000, 0x0000000100000000)
  region size 1024K, 1 young (1024K), 0 survivors (0K)
 Metaspace       used 2518K, capacity 4933K, committed 5120K, reserved 1056768K
  class space    used 221K, capacity 464K, committed 512K, reserved 1048576K
}
Event: 331.281 GC heap after
{Heap after GC invocations=33 (full 28):
 garbage-first heap   total 20480K, used 5640K [0x00000000c0000000, 0x0000000100000000)
  region size 1024K, 0 young (0K), 0 survivors (0K)
 Metaspace       used 2518K, capacity 4933K, committed 5120K, reserved 1056768K
  class space    used 221K, capacity 464K, committed 512K, reserved 1048576K
}
Event: 332.853 GC heap before
{Heap before GC invocations=33 (full 28):
 garbage-first heap   total 20480K, used 5640K [0x00000000c0000000, 0x0000000100000000)
  region size 1024K, 1 young (1024K), 0 survivors (0K)
 Metaspace       used 2518K, capacity 4933K, committed 5120K, reserved 1056768K
  class space    used 221K, capacity 464K, committed 512K, reserved 1048576K
}
Event: 332.860 GC heap after
{Heap after GC invocations=34 (full 29):
 garbage-first heap   total 20480K, used 5640K [0x00000000c0000000, 0x0000000100000000)
  region size 1024K, 0 young (0K), 0 survivors (0K)
 Metaspace       used 2518K, capacity 4933K, committed 5120K, reserved 1056768K
  class space    used 221K, capacity 464K, committed 512K, reserved 1048576K
}
Event: 432.965 GC heap before
{Heap before GC invocations=34 (full 29):
 garbage-first heap   total 20480K, used 5640K [0x00000000c0000000, 0x0000000100000000)
  region size 1024K, 1 young (1024K), 0 survivors (0K)
 Metaspace       used 2518K, capacity 4933K, committed 5120K, reserved 1056768K
  class space    used 221K, capacity 464K, committed 512K, reserved 1048576K
}
Event: 432.971 GC heap after
{Heap after GC invocations=35 (full 30):
 garbage-first heap   total 20480K, used 5640K [0x00000000c0000000, 0x0000000100000000)
  region size 1024K, 0 young (0K), 0 survivors (0K)
 Metaspace       used 2518K, capacity 4933K, committed 5120K, reserved 1056768K
  class space    used 221K, capacity 464K, committed 512K, reserved 1048576K
}
Event: 433.815 GC heap before
{Heap before GC invocations=35 (full 30):
 garbage-first heap   total 20480K, used 5640K [0x00000000c0000000, 0x0000000100000000)
  region size 1024K, 1 young (1024K), 0 survivors (0K)
 Metaspace       used 2518K, capacity 4933K, committed 5120K, reserved 1056768K
  class space    used 221K, capacity 464K, committed 512K, reserved 1048576K
}
Event: 433.823 GC heap after
{Heap after GC invocations=36 (full 31):
 garbage-first heap   total 20480K, used 5640K [0x00000000c0000000, 0x0000000100000000)
  region size 1024K, 0 young (0K), 0 survivors (0K)
 Metaspace       used 2518K, capacity 4933K, committed 5120K, reserved 1056768K
  class space    used 221K, capacity 464K, committed 512K, reserved 1048576K
}

Deoptimization events (20 events):
Event: 0.341 Thread 0x0000021d0db9d000 Uncommon trap: trap_request=0xffffffbe fr.pc=0x0000021d1e8adab0 relative=0x0000000000000950
Event: 0.341 Thread 0x0000021d0db9d000 Uncommon trap: reason=profile_predicate action=maybe_recompile pc=0x0000021d1e8adab0 method=jdk.internal.jimage.ImageStringsReader.charsFromByteBuffer([CLjava/nio/ByteBuffer;)V @ 6 c2
Event: 0.341 Thread 0x0000021d0db9d000 DEOPT PACKING pc=0x0000021d1e8adab0 sp=0x0000003df05ec410
Event: 0.341 Thread 0x0000021d0db9d000 DEOPT UNPACKING pc=0x0000021d16de912f sp=0x0000003df05ec2e8 mode 2
Event: 0.341 Thread 0x0000021d0db9d000 Uncommon trap: trap_request=0xffffffbe fr.pc=0x0000021d1e8adab0 relative=0x0000000000000950
Event: 0.341 Thread 0x0000021d0db9d000 Uncommon trap: reason=profile_predicate action=maybe_recompile pc=0x0000021d1e8adab0 method=jdk.internal.jimage.ImageStringsReader.charsFromByteBuffer([CLjava/nio/ByteBuffer;)V @ 6 c2
Event: 0.341 Thread 0x0000021d0db9d000 DEOPT PACKING pc=0x0000021d1e8adab0 sp=0x0000003df05ec410
Event: 0.341 Thread 0x0000021d0db9d000 DEOPT UNPACKING pc=0x0000021d16de912f sp=0x0000003df05ec2e8 mode 2
Event: 0.341 Thread 0x0000021d0db9d000 Uncommon trap: trap_request=0xffffffbe fr.pc=0x0000021d1e8adab0 relative=0x0000000000000950
Event: 0.341 Thread 0x0000021d0db9d000 Uncommon trap: reason=profile_predicate action=maybe_recompile pc=0x0000021d1e8adab0 method=jdk.internal.jimage.ImageStringsReader.charsFromByteBuffer([CLjava/nio/ByteBuffer;)V @ 6 c2
Event: 0.341 Thread 0x0000021d0db9d000 DEOPT PACKING pc=0x0000021d1e8adab0 sp=0x0000003df05ec410
Event: 0.341 Thread 0x0000021d0db9d000 DEOPT UNPACKING pc=0x0000021d16de912f sp=0x0000003df05ec2e8 mode 2
Event: 0.346 Thread 0x0000021d0db9d000 Uncommon trap: trap_request=0xffffffbe fr.pc=0x0000021d1e8b0d68 relative=0x00000000000009a8
Event: 0.346 Thread 0x0000021d0db9d000 Uncommon trap: reason=profile_predicate action=maybe_recompile pc=0x0000021d1e8b0d68 method=jdk.internal.jimage.ImageStringsReader.charsFromByteBuffer([CLjava/nio/ByteBuffer;)V @ 6 c2
Event: 0.346 Thread 0x0000021d0db9d000 DEOPT PACKING pc=0x0000021d1e8b0d68 sp=0x0000003df05ec4f0
Event: 0.346 Thread 0x0000021d0db9d000 DEOPT UNPACKING pc=0x0000021d16de912f sp=0x0000003df05ec2f8 mode 2
Event: 0.414 Thread 0x0000021d0db9d000 Uncommon trap: trap_request=0xffffffbe fr.pc=0x0000021d1e8af49c relative=0x000000000000047c
Event: 0.414 Thread 0x0000021d0db9d000 Uncommon trap: reason=profile_predicate action=maybe_recompile pc=0x0000021d1e8af49c method=java.lang.StringLatin1.indexOf([BI[BII)I @ 18 c2
Event: 0.414 Thread 0x0000021d0db9d000 DEOPT PACKING pc=0x0000021d1e8af49c sp=0x0000003df05ed8d0
Event: 0.414 Thread 0x0000021d0db9d000 DEOPT UNPACKING pc=0x0000021d16de912f sp=0x0000003df05ed830 mode 2

Classes unloaded (0 events):
No events

Classes redefined (0 events):
No events

Internal exceptions (4 events):
Event: 0.044 Thread 0x0000021d0db9d000 Exception <a 'java/io/IOException'{0x00000000cff8a7f8}: Bad pathname> (0x00000000cff8a7f8) 
thrown [./open/src/hotspot/share/prims/jni.cpp, line 620]
Event: 0.052 Thread 0x0000021d0db9d000 Exception <a 'java/io/IOException'{0x00000000cff8e6a0}: Bad pathname> (0x00000000cff8e6a0) 
thrown [./open/src/hotspot/share/prims/jni.cpp, line 620]
Event: 0.164 Thread 0x0000021d0db9d000 Exception <a 'java/lang/IncompatibleClassChangeError'{0x00000000cfdfba90}: Found class java.lang.Object, but interface was expected> (0x00000000cfdfba90) 
thrown [./open/src/hotspot/share/interpreter/linkResolver.cpp, line 832]
Event: 0.301 Thread 0x0000021d0db9d000 Exception <a 'java/lang/NoSuchMethodError'{0x00000000c0d65f98}: 'void java.lang.invoke.DirectMethodHandle$Holder.invokeSpecial(java.lang.Object, java.lang.Object, java.lang.Object, java.lang.Object)'> (0x00000000c0d65f98) 
thrown [./open/src/hotspot/share/interpreter/linkResolver.cpp, line 766]

Events (20 events):
Event: 326.492 Executing VM operation: G1CollectFull
Event: 326.498 Executing VM operation: G1CollectFull done
Event: 326.624 Executing VM operation: G1CollectFull
Event: 326.630 Executing VM operation: G1CollectFull done
Event: 326.810 Executing VM operation: G1CollectFull
Event: 326.821 Executing VM operation: G1CollectFull done
Event: 330.881 Executing VM operation: G1CollectFull
Event: 330.887 Executing VM operation: G1CollectFull done
Event: 330.996 Executing VM operation: G1CollectFull
Event: 331.002 Executing VM operation: G1CollectFull done
Event: 331.128 Executing VM operation: G1CollectFull
Event: 331.134 Executing VM operation: G1CollectFull done
Event: 331.275 Executing VM operation: G1CollectFull
Event: 331.281 Executing VM operation: G1CollectFull done
Event: 332.853 Executing VM operation: G1CollectFull
Event: 332.861 Executing VM operation: G1CollectFull done
Event: 432.965 Executing VM operation: G1CollectFull
Event: 432.971 Executing VM operation: G1CollectFull done
Event: 433.815 Executing VM operation: G1CollectFull
Event: 433.823 Executing VM operation: G1CollectFull done


Dynamic libraries:
0x00007ff6ecab0000 - 0x00007ff6ecacc000 	C:\ProgramData\Anaconda3\python.exe
0x00007ffe47ef0000 - 0x00007ffe480e5000 	C:\WINDOWS\SYSTEM32\ntdll.dll
0x00007ffe47030000 - 0x00007ffe470ee000 	C:\WINDOWS\System32\KERNEL32.DLL
0x00007ffe45a20000 - 0x00007ffe45ce9000 	C:\WINDOWS\System32\KERNELBASE.dll
0x00007ffe456f0000 - 0x00007ffe457f0000 	C:\WINDOWS\System32\ucrtbase.dll
0x00007ffe00db0000 - 0x00007ffe011e2000 	C:\ProgramData\Anaconda3\python38.dll
0x00007ffe3d170000 - 0x00007ffe3d189000 	C:\ProgramData\Anaconda3\VCRUNTIME140.dll
0x00007ffe46e60000 - 0x00007ffe46eb5000 	C:\WINDOWS\System32\SHLWAPI.dll
0x00007ffe471a0000 - 0x00007ffe4723e000 	C:\WINDOWS\System32\msvcrt.dll
0x00007ffe46540000 - 0x00007ffe465ab000 	C:\WINDOWS\System32\WS2_32.dll
0x00007ffe46ec0000 - 0x00007ffe46fea000 	C:\WINDOWS\System32\RPCRT4.dll
0x00007ffe45ff0000 - 0x00007ffe4609c000 	C:\WINDOWS\System32\ADVAPI32.dll
0x00007ffe45f50000 - 0x00007ffe45feb000 	C:\WINDOWS\System32\sechost.dll
0x00007ffe3f9d0000 - 0x00007ffe3f9da000 	C:\WINDOWS\SYSTEM32\VERSION.dll
0x00007ffe44fb0000 - 0x00007ffe44fc8000 	C:\WINDOWS\SYSTEM32\CRYPTSP.dll
0x00007ffe446d0000 - 0x00007ffe44704000 	C:\WINDOWS\system32\rsaenh.dll
0x00007ffe456c0000 - 0x00007ffe456e7000 	C:\WINDOWS\System32\bcrypt.dll
0x00007ffe44fd0000 - 0x00007ffe44fdc000 	C:\WINDOWS\SYSTEM32\CRYPTBASE.dll
0x00007ffe45cf0000 - 0x00007ffe45d73000 	C:\WINDOWS\System32\bcryptPrimitives.dll
0x00007ffe411c0000 - 0x00007ffe411cf000 	C:\ProgramData\Anaconda3\python3.DLL
0x00007ffe3dc00000 - 0x00007ffe3dc08000 	C:\ProgramData\Anaconda3\lib\site-packages\markupsafe\_speedups.cp38-win_amd64.pyd
0x00007ffe3c2c0000 - 0x00007ffe3c2d7000 	C:\ProgramData\Anaconda3\DLLs\_bz2.pyd
0x00007ffe3b920000 - 0x00007ffe3b94a000 	C:\ProgramData\Anaconda3\DLLs\_lzma.pyd
0x00007ffe3c250000 - 0x00007ffe3c25d000 	C:\ProgramData\Anaconda3\DLLs\_hashlib.pyd
0x00007ffdffe80000 - 0x00007ffe001ca000 	C:\ProgramData\Anaconda3\Library\bin\libcrypto-1_1-x64.dll
0x00007ffe478f0000 - 0x00007ffe47a91000 	C:\WINDOWS\System32\USER32.dll
0x00007ffe457f0000 - 0x00007ffe45812000 	C:\WINDOWS\System32\win32u.dll
0x00007ffe46690000 - 0x00007ffe466bb000 	C:\WINDOWS\System32\GDI32.dll
0x00007ffe45dd0000 - 0x00007ffe45edb000 	C:\WINDOWS\System32\gdi32full.dll
0x00007ffe45820000 - 0x00007ffe458bd000 	C:\WINDOWS\System32\msvcp_win.dll
0x00007ffe47000000 - 0x00007ffe47030000 	C:\WINDOWS\System32\IMM32.DLL
0x00007ffe35ca0000 - 0x00007ffe35ce3000 	C:\ProgramData\Anaconda3\DLLs\_decimal.pyd
0x00007ffdf66b0000 - 0x00007ffdf67be000 	C:\ProgramData\Anaconda3\DLLs\unicodedata.pyd
0x00007ffe35c80000 - 0x00007ffe35c96000 	C:\ProgramData\Anaconda3\DLLs\_socket.pyd
0x00007ffe44a60000 - 0x00007ffe44a9b000 	C:\WINDOWS\SYSTEM32\IPHLPAPI.DLL
0x00007ffe3c240000 - 0x00007ffe3c249000 	C:\ProgramData\Anaconda3\DLLs\select.pyd
0x00007ffe358c0000 - 0x00007ffe358e7000 	C:\ProgramData\Anaconda3\DLLs\_ssl.pyd
0x00007ffe458c0000 - 0x00007ffe45a16000 	C:\WINDOWS\System32\CRYPT32.dll
0x00007ffdf6580000 - 0x00007ffdf662c000 	C:\ProgramData\Anaconda3\Library\bin\libssl-1_1-x64.dll
0x00007ffe35c20000 - 0x00007ffe35c40000 	C:\ProgramData\Anaconda3\DLLs\_ctypes.pyd
0x00007ffe47c30000 - 0x00007ffe47d5a000 	C:\WINDOWS\System32\ole32.dll
0x00007ffe460a0000 - 0x00007ffe463f5000 	C:\WINDOWS\System32\combase.dll
0x00007ffe47de0000 - 0x00007ffe47ead000 	C:\WINDOWS\System32\OLEAUT32.dll
0x00007ffe3b910000 - 0x00007ffe3b91b000 	C:\ProgramData\Anaconda3\DLLs\libffi-7.dll
0x00007ffe46720000 - 0x00007ffe46e5f000 	C:\WINDOWS\System32\shell32.DLL
0x00007ffe3b660000 - 0x00007ffe3b66c000 	C:\ProgramData\Anaconda3\lib\site-packages\greenlet\_greenlet.cp38-win_amd64.pyd
0x00007ffe35260000 - 0x00007ffe35291000 	C:\ProgramData\Anaconda3\DLLs\pyexpat.pyd
0x0000000056f70000 - 0x0000000056f94000 	C:\ProgramData\Anaconda3\lib\site-packages\win32\win32api.pyd
0x0000000056f40000 - 0x0000000056f67000 	C:\ProgramData\Anaconda3\lib\site-packages\win32\pywintypes38.dll
0x00007ffe30b80000 - 0x00007ffe30b8c000 	C:\WINDOWS\SYSTEM32\secur32.dll
0x00007ffe454d0000 - 0x00007ffe45501000 	C:\WINDOWS\SYSTEM32\SSPICLI.DLL
0x0000000056f30000 - 0x0000000056f37000 	C:\ProgramData\Anaconda3\lib\site-packages\win32\_win32sysloader.pyd
0x0000000055370000 - 0x000000005540b000 	C:\ProgramData\Anaconda3\Library\bin\pythoncom38.dll
0x00007ffe43530000 - 0x00007ffe43542000 	C:\WINDOWS\SYSTEM32\kernel.appcore.dll
0x00007ffe43030000 - 0x00007ffe430ce000 	C:\WINDOWS\system32\uxtheme.dll
0x00007ffe380c0000 - 0x00007ffe382ab000 	C:\WINDOWS\SYSTEM32\urlmon.dll
0x00007ffe382f0000 - 0x00007ffe385a0000 	C:\WINDOWS\SYSTEM32\iertutil.dll
0x00007ffe3cb90000 - 0x00007ffe3cbb8000 	C:\WINDOWS\SYSTEM32\srvcli.dll
0x00007ffe44aa0000 - 0x00007ffe44aac000 	C:\WINDOWS\SYSTEM32\netutils.dll
0x00007ffe46490000 - 0x00007ffe4653d000 	C:\WINDOWS\System32\shcore.dll
0x00007ffdf64e0000 - 0x00007ffdf6571000 	C:\ProgramData\Anaconda3\msvcp140.dll
0x00007ffe3b460000 - 0x00007ffe3b46c000 	C:\ProgramData\Anaconda3\VCRUNTIME140_1.dll
0x00007ffe345d0000 - 0x00007ffe34617000 	C:\ProgramData\Anaconda3\lib\site-packages\torch\lib\asmjit.dll
0x00007ffe13ee0000 - 0x00007ffe13f46000 	C:\ProgramData\Anaconda3\lib\site-packages\torch\lib\c10.dll
0x00007ffe2d7c0000 - 0x00007ffe2d9a4000 	C:\WINDOWS\SYSTEM32\dbghelp.dll
0x00007ffddbb80000 - 0x00007ffddd1f8000 	C:\ProgramData\Anaconda3\lib\site-packages\torch\lib\caffe2_detectron_ops.dll
0x00007ffde7130000 - 0x00007ffde7333000 	C:\ProgramData\Anaconda3\lib\site-packages\torch\lib\libiomp5md.dll
0x00007ffd98eb0000 - 0x00007ffda5f9a000 	C:\ProgramData\Anaconda3\lib\site-packages\torch\lib\torch_cpu.dll
0x00007ffde6580000 - 0x00007ffde683d000 	C:\ProgramData\Anaconda3\lib\site-packages\torch\lib\uv.dll
0x00007ffde30c0000 - 0x00007ffde341d000 	C:\ProgramData\Anaconda3\lib\site-packages\torch\lib\fbgemm.dll
0x00007ffe45f40000 - 0x00007ffe45f48000 	C:\WINDOWS\System32\PSAPI.DLL
0x00007ffe45510000 - 0x00007ffe4553e000 	C:\WINDOWS\SYSTEM32\USERENV.dll
0x00007ffe20060000 - 0x00007ffe2007b000 	C:\ProgramData\Anaconda3\lib\site-packages\torch\lib\caffe2_module_test_dynamic.dll
0x00007ffdec580000 - 0x00007ffdec669000 	C:\ProgramData\Anaconda3\lib\site-packages\torch\lib\caffe2_observers.dll
0x00007ffe3b320000 - 0x00007ffe3b32d000 	C:\ProgramData\Anaconda3\lib\site-packages\torch\lib\libiompstubs5md.dll
0x00007ffe3a1c0000 - 0x00007ffe3a1c9000 	C:\ProgramData\Anaconda3\lib\site-packages\torch\lib\shm.dll
0x00007ffe35c70000 - 0x00007ffe35c77000 	C:\ProgramData\Anaconda3\lib\site-packages\torch\lib\torch.dll
0x00007ffe358b0000 - 0x00007ffe358b7000 	C:\ProgramData\Anaconda3\lib\site-packages\torch\lib\torch_global_deps.dll
0x00007ffddb060000 - 0x00007ffddbb73000 	C:\ProgramData\Anaconda3\lib\site-packages\torch\lib\torch_python.dll
0x00007ffe357f0000 - 0x00007ffe357f7000 	C:\ProgramData\Anaconda3\lib\site-packages\torch\_C.cp38-win_amd64.pyd
0x000000006f7c0000 - 0x0000000071448000 	C:\Users\Pondol\AppData\Roaming\Python\Python38\site-packages\numpy\.libs\libopenblas.PYQHXLVVQ7VESDPUVUADXEVJOBGHJPAY.gfortran-win_amd64.dll
0x00007ffdde950000 - 0x00007ffddec2f000 	C:\Users\Pondol\AppData\Roaming\Python\Python38\site-packages\numpy\core\_multiarray_umath.cp38-win_amd64.pyd
0x00007ffe20030000 - 0x00007ffe20052000 	C:\Users\Pondol\AppData\Roaming\Python\Python38\site-packages\numpy\core\_multiarray_tests.cp38-win_amd64.pyd
0x00007ffe35500000 - 0x00007ffe3550c000 	C:\Users\Pondol\AppData\Roaming\Python\Python38\site-packages\numpy\linalg\lapack_lite.cp38-win_amd64.pyd
0x00007ffe0e520000 - 0x00007ffe0e546000 	C:\Users\Pondol\AppData\Roaming\Python\Python38\site-packages\numpy\linalg\_umath_linalg.cp38-win_amd64.pyd
0x00007ffe1fe30000 - 0x00007ffe1fe50000 	C:\Users\Pondol\AppData\Roaming\Python\Python38\site-packages\numpy\fft\_pocketfft_internal.cp38-win_amd64.pyd
0x00007ffdebfc0000 - 0x00007ffdec052000 	C:\Users\Pondol\AppData\Roaming\Python\Python38\site-packages\numpy\random\mtrand.cp38-win_amd64.pyd
0x00007ffe0e4f0000 - 0x00007ffe0e51d000 	C:\Users\Pondol\AppData\Roaming\Python\Python38\site-packages\numpy\random\_bit_generator.cp38-win_amd64.pyd
0x00007ffe08f00000 - 0x00007ffe08f32000 	C:\Users\Pondol\AppData\Roaming\Python\Python38\site-packages\numpy\random\_common.cp38-win_amd64.pyd
0x00007ffe00d50000 - 0x00007ffe00da2000 	C:\Users\Pondol\AppData\Roaming\Python\Python38\site-packages\numpy\random\_bounded_integers.cp38-win_amd64.pyd
0x00007ffe118b0000 - 0x00007ffe118ce000 	C:\Users\Pondol\AppData\Roaming\Python\Python38\site-packages\numpy\random\_mt19937.cp38-win_amd64.pyd
0x00007ffe11640000 - 0x00007ffe11658000 	C:\Users\Pondol\AppData\Roaming\Python\Python38\site-packages\numpy\random\_philox.cp38-win_amd64.pyd
0x00007ffe0e260000 - 0x00007ffe0e276000 	C:\Users\Pondol\AppData\Roaming\Python\Python38\site-packages\numpy\random\_pcg64.cp38-win_amd64.pyd
0x00007ffe08f70000 - 0x00007ffe08f83000 	C:\Users\Pondol\AppData\Roaming\Python\Python38\site-packages\numpy\random\_sfc64.cp38-win_amd64.pyd
0x00007ffdebf10000 - 0x00007ffdebfb8000 	C:\Users\Pondol\AppData\Roaming\Python\Python38\site-packages\numpy\random\_generator.cp38-win_amd64.pyd
0x00007ffe35340000 - 0x00007ffe35349000 	C:\ProgramData\Anaconda3\DLLs\_multiprocessing.pyd
0x00007ffe08b40000 - 0x00007ffe08b52000 	C:\ProgramData\Anaconda3\DLLs\_asyncio.pyd
0x00007ffe35250000 - 0x00007ffe3525d000 	C:\ProgramData\Anaconda3\DLLs\_overlapped.pyd
0x00007ffe44dc0000 - 0x00007ffe44e2a000 	C:\WINDOWS\system32\mswsock.dll
0x00007ffe345c0000 - 0x00007ffe345c9000 	C:\ProgramData\Anaconda3\DLLs\_queue.pyd
0x00007ffe00990000 - 0x00007ffe009d0000 	C:\Users\Pondol\AppData\Roaming\Python\Python38\site-packages\pandas\_libs\tslibs\conversion.cp38-win_amd64.pyd
0x00007ffe00950000 - 0x00007ffe0098b000 	C:\Users\Pondol\AppData\Roaming\Python\Python38\site-packages\pandas\_libs\tslibs\c_timestamp.cp38-win_amd64.pyd
0x00007ffe00690000 - 0x00007ffe006c6000 	C:\Users\Pondol\AppData\Roaming\Python\Python38\site-packages\pandas\_libs\tslibs\nattype.cp38-win_amd64.pyd
0x00007ffe08ab0000 - 0x00007ffe08ade000 	C:\Users\Pondol\AppData\Roaming\Python\Python38\site-packages\pandas\_libs\missing.cp38-win_amd64.pyd
0x00007ffe08b20000 - 0x00007ffe08b31000 	C:\Users\Pondol\AppData\Roaming\Python\Python38\site-packages\pandas\_libs\tslibs\np_datetime.cp38-win_amd64.pyd
0x00007ffe06560000 - 0x00007ffe06572000 	C:\Users\Pondol\AppData\Roaming\Python\Python38\site-packages\pandas\_libs\ops_dispatch.cp38-win_amd64.pyd
0x00007ffdffe40000 - 0x00007ffdffe75000 	C:\Users\Pondol\AppData\Roaming\Python\Python38\site-packages\pandas\_libs\tslibs\timezones.cp38-win_amd64.pyd
0x00007ffdff800000 - 0x00007ffdff83f000 	C:\Users\Pondol\AppData\Roaming\Python\Python38\site-packages\pandas\_libs\tslibs\tzconversion.cp38-win_amd64.pyd
0x00007ffdf62e0000 - 0x00007ffdf6346000 	C:\Users\Pondol\AppData\Roaming\Python\Python38\site-packages\pandas\_libs\tslibs\timedeltas.cp38-win_amd64.pyd
0x00007ffdf6480000 - 0x00007ffdf64db000 	C:\Users\Pondol\AppData\Roaming\Python\Python38\site-packages\pandas\_libs\tslibs\offsets.cp38-win_amd64.pyd
0x00007ffe017d0000 - 0x00007ffe017e3000 	C:\Users\Pondol\AppData\Roaming\Python\Python38\site-packages\pandas\_libs\tslibs\ccalendar.cp38-win_amd64.pyd
0x00007ffdf52f0000 - 0x00007ffdf5345000 	C:\Users\Pondol\AppData\Roaming\Python\Python38\site-packages\pandas\_libs\tslibs\strptime.cp38-win_amd64.pyd
0x00007ffdec540000 - 0x00007ffdec57a000 	C:\Users\Pondol\AppData\Roaming\Python\Python38\site-packages\pandas\_libs\tslibs\fields.cp38-win_amd64.pyd
0x00007ffdebde0000 - 0x00007ffdebe36000 	C:\Users\Pondol\AppData\Roaming\Python\Python38\site-packages\pandas\_libs\tslibs\parsing.cp38-win_amd64.pyd
0x00007ffdffe10000 - 0x00007ffdffe31000 	C:\Users\Pondol\AppData\Roaming\Python\Python38\site-packages\pandas\_libs\tslibs\frequencies.cp38-win_amd64.pyd
0x00007ffdeb450000 - 0x00007ffdeb4b0000 	C:\Users\Pondol\AppData\Roaming\Python\Python38\site-packages\pandas\_libs\tslibs\period.cp38-win_amd64.pyd
0x00007ffdeb210000 - 0x00007ffdeb254000 	C:\Users\Pondol\AppData\Roaming\Python\Python38\site-packages\pandas\_libs\tslibs\timestamps.cp38-win_amd64.pyd
0x00007ffdeb410000 - 0x00007ffdeb44a000 	C:\Users\Pondol\AppData\Roaming\Python\Python38\site-packages\pandas\_libs\tslibs\resolution.cp38-win_amd64.pyd
0x00007ffde70a0000 - 0x00007ffde7128000 	C:\Users\Pondol\AppData\Roaming\Python\Python38\site-packages\pandas\_libs\hashtable.cp38-win_amd64.pyd
0x00007ffde7020000 - 0x00007ffde7097000 	C:\Users\Pondol\AppData\Roaming\Python\Python38\site-packages\pandas\_libs\lib.cp38-win_amd64.pyd
0x00007ffdeafa0000 - 0x00007ffdeafe4000 	C:\Users\Pondol\AppData\Roaming\Python\Python38\site-packages\pandas\_libs\tslib.cp38-win_amd64.pyd
0x00007ffde3b50000 - 0x00007ffde3c73000 	C:\Users\Pondol\AppData\Roaming\Python\Python38\site-packages\pandas\_libs\interval.cp38-win_amd64.pyd
0x00007ffde3a00000 - 0x00007ffde3b49000 	C:\Users\Pondol\AppData\Roaming\Python\Python38\site-packages\pandas\_libs\algos.cp38-win_amd64.pyd
0x00007ffdff7e0000 - 0x00007ffdff7f4000 	C:\Users\Pondol\AppData\Roaming\Python\Python38\site-packages\pandas\_libs\properties.cp38-win_amd64.pyd
0x00007ffdebee0000 - 0x00007ffdebf0c000 	C:\Users\Pondol\AppData\Roaming\Python\Python38\site-packages\pandas\_libs\hashing.cp38-win_amd64.pyd
0x00007ffde82b0000 - 0x00007ffde82e4000 	C:\Users\Pondol\AppData\Roaming\Python\Python38\site-packages\pandas\_libs\ops.cp38-win_amd64.pyd
0x00007ffdf6a00000 - 0x00007ffdf6a19000 	C:\ProgramData\Anaconda3\lib\site-packages\bottleneck\reduce.cp38-win_amd64.pyd
0x00007ffe34590000 - 0x00007ffe3459a000 	C:\ProgramData\Anaconda3\lib\site-packages\bottleneck\nonreduce.cp38-win_amd64.pyd

dbghelp: loaded successfully - version: 4.0.5 - missing functions: none
symbol engine: initialized successfully - sym options: 0x614 - pdb path: .;C:\ProgramData\Anaconda3;C:\WINDOWS\SYSTEM32;C:\ProgramData\Anaconda3\lib\site-packages\markupsafe;C:\ProgramData\Anaconda3\DLLs;C:\ProgramData\Anaconda3\Library\bin;C:\ProgramData\Anaconda3\lib\site-packages\greenlet;C:\ProgramData\Anaconda3\lib\site-packages\win32;C:\ProgramData\Anaconda3\lib\site-packages\torch\lib;C:\ProgramData\Anaconda3\lib\site-packages\torch;C:\Users\Pondol\AppData\Roaming\Python\Python38\site-packages\numpy\.libs;C:\Users\Pondol\AppData\Roaming\Python\Python38\site-packages\numpy\core;C:\Users\Pondol\AppData\Roaming\Python\Python38\site-packages\numpy\linalg;C:\Users\Pondol\AppData\Roaming\Python\Python38\site-packages\numpy\fft;C:\Users\Pondol\AppData\Roaming\Python\Python38\site-packages\numpy\random;C:\Users\Pondol\AppData\Roaming\Python\Python38\site-packages\pandas\_libs\tslibs;C:\Users\Pondol\AppData\Roaming\Python\Python38\site-packages\pandas\_libs;C:\ProgramData\Anaconda3\lib\site-packages\bottleneck;C:\Users\Pondol\AppData\Roaming\Python\Python38\site-packages\pandas\_libs\window;C:\Users\Pondol\AppData\Roaming\Python\Python38\site-packages\sklearn\.libs;C:\Users\Pondol\AppData\Roaming\Python\Python38\site-packages\sklearn\__check_build;C:\ProgramData\Anaconda3\lib\site-packages\scipy\_lib;C:\ProgramData\Anaconda3\lib\site-packages\scipy\sparse;C:\ProgramData\Anaconda3\lib\site-packages\scipy\sparse\csgraph;C:\Users\Pondol\AppData\Roaming\Python\Python38\site-packages\sklearn\utils;C:\ProgramData\Anaconda3\lib\site-packages\psutil;C:\ProgramData\Anaconda3\lib\site-packages\scipy\spatial;C:\ProgramData\Anaconda3\lib\site-packages\scipy\linalg;C:\ProgramData\Anaconda3\lib\site-packages\scipy\special;C:\ProgramData\Anaconda3\lib\site-packages\scipy\spatial\transform;C:\ProgramData\Anaconda3\lib\site-packages\scipy\ndimage;C:\ProgramData\Anaconda3\lib\site-packages\scipy\optimize;C:\ProgramData\Anaconda3\lib\site-packages\scipy\sparse\linalg\isolve;C:\ProgramData\Anaconda3\lib\site-packages\scipy\sparse\linalg\dsolve;C:\ProgramData\Anaconda3\lib\site-packages\scipy\sparse\linalg\eigen\arpack;C:\ProgramData\Anaconda3\lib\site-packages\scipy\optimize\_trlib;C:\ProgramData\Anaconda3\lib\site-packages\scipy\optimize\_lsq;C:\ProgramData\Anaconda3\lib\site-packages\scipy\optimize\_highs;C:\ProgramData\Anaconda3\lib\site-packages\scipy\integrate;C:\ProgramData\Anaconda3\lib\site-packages\scipy\interpolate;C:\ProgramData\Anaconda3\lib\site-packages\scipy\stats;C:\Users\Pondol\AppData\Roaming\Python\Python38\site-packages\sklearn\preprocessing;C:\Users\Pondol\AppData\Roaming\Python\Python38\site-packages\sklearn\metrics\cluster;C:\Users\Pondol\AppData\Roaming\Python\Python38\site-packages\sklearn\metrics;C:\Users\Pondol\AppData\Roaming\Python\Python38\site-packages\sklearn\linear_model;C:\Users\Pondol\AppData\Roaming\Python\Python38\site-packages\sklearn\svm;C:\ProgramData\Anaconda3\lib\site-packages;C:\ProgramData\Anaconda3\lib\site-packages\brotli;C:\ProgramData\Anaconda3\lib\site-packages\lxml;C:\Users\Pondol\AppData\Roaming\Python\Python38\site-packages\matplotlib;C:\WINDOWS\WinSxS\amd64_microsoft.windows.common-controls_6595b64144ccf1df_6.0.19041.1110_none_60b5254171f9507e;C:\Users\Pondol\AppData\Roaming\Python\Python38\site-packages\matplotlib\backends;C:\ProgramData\Anaconda3\lib\site-packages\PIL;C:\Users\Pondol\AppData\Roaming\Python\Python38\site-packages\sklearn\decomposition;C:\Users\Pondol\AppData\Roaming\Python\Python38\site-packages\gensim;C:\Users\Pondol\AppData\Roaming\Python\Python38\site-packages\gensim\corpora;C:\Users\Pondol\AppData\Roaming\Python\Python38\site-packages\gensim\models;C:\Users\Pondol\AppData\Roaming\Python\Python38\site-packages\sklearn\neighbors;C:\Program Files\Java\jdk-14.0.2\bin\server;C:\Program Files\Java\jdk-14.0.2\bin;C:\ProgramData\Anaconda3\tcl\reg1.3

VM Arguments:
jvm_args: -Dfile.encoding=UTF8 -ea -Xmx1024m 
java_command: <unknown>
java_class_path (initial): C:\Users\Pondol\AppData\Roaming\Python\Python38\site-packages\konlpy\java;C:\Users\Pondol\AppData\Roaming\Python\Python38\site-packages\konlpy\java\bin;C:\Users\Pondol\AppData\Roaming\Python\Python38\site-packages\konlpy\java\*;C:\Users\Pondol\AppData\Roaming\Python\Python38\site-packages\konlpy\java\jhannanum-0.8.4.jar;C:\Users\Pondol\AppData\Roaming\Python\Python38\site-packages\konlpy\java\kkma-2.0.jar;C:\Users\Pondol\AppData\Roaming\Python\Python38\site-packages\konlpy\java\aho-corasick.jar;C:\Users\Pondol\AppData\Roaming\Python\Python38\site-packages\konlpy\java\shineware-common-1.0.jar;C:\Users\Pondol\AppData\Roaming\Python\Python38\site-packages\konlpy\java\shineware-ds-1.0.jar;C:\Users\Pondol\AppData\Roaming\Python\Python38\site-packages\konlpy\java\komoran-3.0.jar;C:\Users\Pondol\AppData\Roaming\Python\Python38\site-packages\konlpy\java\snakeyaml-1.12.jar;C:\Users\Pondol\AppData\Roaming\Python\Python38\site-packages\konlpy\java\scala-library-2.12.3.jar;C:\Users\Pondol\AppData\Roaming\Python\Python38\site-packages\konlpy\java\open-korean-text-2.1.0.jar;C:\Users\Pondol\AppData\Roaming\Python\Python38\site-packages\konlpy\java\twitter-text-1.14.7.jar;C:\Users\Pondol\AppData\Roaming\Python\Python38\site-packages\konlpy\java\*
Launcher Type: generic

[Global flags]
     intx CICompilerCount                          = 4                                         {product} {ergonomic}
     uint ConcGCThreads                            = 2                                         {product} {ergonomic}
     uint G1ConcRefinementThreads                  = 8                                         {product} {ergonomic}
   size_t G1HeapRegionSize                         = 1048576                                   {product} {ergonomic}
    uintx GCDrainStackTargetSize                   = 64                                        {product} {ergonomic}
   size_t InitialHeapSize                          = 268435456                                 {product} {ergonomic}
   size_t MarkStackSize                            = 4194304                                   {product} {ergonomic}
   size_t MaxHeapSize                              = 1073741824                                {product} {command line}
   size_t MaxNewSize                               = 643825664                                 {product} {ergonomic}
   size_t MinHeapDeltaBytes                        = 1048576                                   {product} {ergonomic}
   size_t MinHeapSize                              = 8388608                                   {product} {ergonomic}
    uintx NonNMethodCodeHeapSize                   = 5839372                                {pd product} {ergonomic}
    uintx NonProfiledCodeHeapSize                  = 122909434                              {pd product} {ergonomic}
    uintx ProfiledCodeHeapSize                     = 122909434                              {pd product} {ergonomic}
    uintx ReservedCodeCacheSize                    = 251658240                              {pd product} {ergonomic}
     bool SegmentedCodeCache                       = true                                      {product} {ergonomic}
   size_t SoftMaxHeapSize                          = 1073741824                             {manageable} {ergonomic}
     bool UseCompressedClassPointers               = true                                 {lp64_product} {ergonomic}
     bool UseCompressedOops                        = true                                 {lp64_product} {ergonomic}
     bool UseG1GC                                  = true                                      {product} {ergonomic}
     bool UseLargePagesIndividualAllocation        = false                                  {pd product} {ergonomic}

Logging:
Log output configuration:
 #0: stdout all=warning uptime,level,tags
 #1: stderr all=off uptime,level,tags

Environment Variables:
JAVA_HOME=C:\Program Files\Java\jdk-14.0.2
PATH=C:\ProgramData\Anaconda3;C:\ProgramData\Anaconda3\Library\mingw-w64\bin;C:\ProgramData\Anaconda3\Library\usr\bin;C:\ProgramData\Anaconda3\Library\bin;C:\ProgramData\Anaconda3\Scripts;C:\ProgramData\Anaconda3\bin;C:\ProgramData\Anaconda3\condabin;C:\Program Files\NVIDIA GPU Computing Toolkit\CUDA\v11.5\bin;C:\Program Files\NVIDIA GPU Computing Toolkit\CUDA\v11.5\libnvvp;C:\Anaconda3-32;C:\Anaconda3-32\Library\mingw-w64\bin;C:\Anaconda3-32\Library\usr\bin;C:\Anaconda3-32\Library\bin;C:\Anaconda3-32\Scripts;C:\WINDOWS\system32;C:\WINDOWS;C:\WINDOWS\System32\Wbem;C:\WINDOWS\System32\WindowsPowerShell\v1.0;C:\WINDOWS\System32\OpenSSH;C:\Program Files\nodejs;C:\Program Files\Git\cmd;C:\Users\Pondol\AppData\Local\Android\Sdk;C:\Program Files\Java\jdk-14.0.2;C:\Program Files (x86)\Common Files\Oracle\Java\javapath;C:\Users\Pondol\AppData\Local\Android\Sdk\platform-tools;C:\Program Files\Java\gradle-6.6.1\bin;C:\Program Files\Java\jre1.8.0_261\bin;C:\Program Files\Java\jdk1.8.0_261\bin;C:\Program Files\TortoiseSVN\bin;C:\Program Files\Git\mingw64\bin;C:\Program Files\PuTTY;C:\Program Files (x86)\NVIDIA Corporation\PhysX\Common;C:\Program Files\NVIDIA Corporation\NVIDIA NvDLISR;C:\Program Files\NVIDIA Corporation\Nsight Compute 2021.3.0;C:\Users\Pondol\AppData\Local\Microsoft\WindowsApps;C:\Users\Pondol\AppData\Local\atom\bin;C:\Users\Pondol\AppData\Roaming\npm;C:\Users\Pondol\AppData\Local\GitHubDesktop\bin;C:\Users\Pondol\AppData\Local\Microsoft\WindowsApps;C:\Users\Pondol\AppData\Local\Programs\Microsoft VS Code\bin;.;C:\Program Files (x86)\ESTsoft\ALSee\x64
USERNAME=Pondol
OS=Windows_NT
PROCESSOR_IDENTIFIER=Intel64 Family 6 Model 60 Stepping 3, GenuineIntel



---------------  S Y S T E M  ---------------

OS: Windows 10 , 64 bit Build 19041 (10.0.19041.1202)
OS uptime: 3 days 17:49 hours

CPU:total 8 (initial active 8) (4 cores per cpu, 2 threads per core) family 6 model 60 stepping 3, cmov, cx8, fxsr, mmx, sse, sse2, sse3, ssse3, sse4.1, sse4.2, popcnt, avx, avx2, aes, clmul, erms, lzcnt, ht, tsc, tscinvbit, bmi1, bmi2, fma

Memory: 4k page, system-wide physical 16303M (3897M free)
TotalPageFile size 24385M (AvailPageFile size 3318M)
current process WorkingSet (physical memory assigned to process): 2728M, peak: 5426M
current process commit charge ("private bytes"): 3083M, peak: 5726M

vm_info: Java HotSpot(TM) 64-Bit Server VM (14.0.2+12-46) for windows-amd64 JRE (14.0.2+12-46), built on Jul  9 2020 00:35:52 by "mach5one" with MS VC++ 15.9 (VS2017)

END.
